{
  "D:\\reactproject\\react-gonglu-design\\src\\types.d.ts": {
    "path": "D:\\reactproject\\react-gonglu-design\\src\\types.d.ts",
    "statementMap": {},
    "fnMap": {},
    "branchMap": {},
    "s": {},
    "f": {},
    "b": {}
  },
  "D:\\reactproject\\react-gonglu-design\\src\\Button\\index.tsx": {
    "path": "D:\\reactproject\\react-gonglu-design\\src\\Button\\index.tsx",
    "statementMap": {
      "0": {
        "start": { "line": 5, "column": 0 },
        "end": { "line": 5, "column": 36 }
      },
      "1": {
        "start": { "line": 6, "column": 0 },
        "end": { "line": 6, "column": 21 }
      },
      "2": {
        "start": { "line": 15, "column": 38 },
        "end": { "line": 26, "column": 1 }
      },
      "3": {
        "start": { "line": 16, "column": 50 },
        "end": { "line": 16, "column": 55 }
      },
      "4": {
        "start": { "line": 17, "column": 2 },
        "end": { "line": 25, "column": 4 }
      },
      "5": {
        "start": { "line": 28, "column": 0 },
        "end": { "line": 28, "column": 28 }
      }
    },
    "fnMap": {
      "0": {
        "name": "(anonymous_0)",
        "decl": {
          "start": { "line": 15, "column": 38 },
          "end": { "line": 15, "column": 39 }
        },
        "loc": {
          "start": { "line": 15, "column": 48 },
          "end": { "line": 26, "column": 1 }
        }
      }
    },
    "branchMap": {
      "0": {
        "loc": {
          "start": { "line": 16, "column": 10 },
          "end": { "line": 16, "column": 26 }
        },
        "type": "default-arg",
        "locations": [
          {
            "start": { "line": 16, "column": 17 },
            "end": { "line": 16, "column": 26 }
          }
        ]
      },
      "1": {
        "loc": {
          "start": { "line": 20, "column": 29 },
          "end": { "line": 20, "column": 59 }
        },
        "type": "cond-expr",
        "locations": [
          {
            "start": { "line": 20, "column": 36 },
            "end": { "line": 20, "column": 54 }
          },
          {
            "start": { "line": 20, "column": 57 },
            "end": { "line": 20, "column": 59 }
          }
        ]
      }
    },
    "s": { "0": 1, "1": 1, "2": 1, "3": 4, "4": 4, "5": 1 },
    "f": { "0": 4 },
    "b": { "0": [2], "1": [4, 0] }
  },
  "D:\\reactproject\\react-gonglu-design\\src\\Button\\demos\\base.tsx": {
    "path": "D:\\reactproject\\react-gonglu-design\\src\\Button\\demos\\base.tsx",
    "statementMap": {
      "0": {
        "start": { "line": 4, "column": 0 },
        "end": { "line": 4, "column": 45 }
      },
      "1": {
        "start": { "line": 6, "column": 0 },
        "end": { "line": 14, "column": null }
      },
      "2": {
        "start": { "line": 8, "column": 2 },
        "end": { "line": 13, "column": 4 }
      }
    },
    "fnMap": {
      "0": {
        "name": "(anonymous_0)",
        "decl": {
          "start": { "line": 6, "column": 15 },
          "end": { "line": 6, "column": 18 }
        },
        "loc": {
          "start": { "line": 6, "column": 20 },
          "end": { "line": 14, "column": 1 }
        }
      }
    },
    "branchMap": {},
    "s": { "0": 0, "1": 0, "2": 0 },
    "f": { "0": 0 },
    "b": {}
  },
  "D:\\reactproject\\react-gonglu-design\\src\\Calendar\\Header.tsx": {
    "path": "D:\\reactproject\\react-gonglu-design\\src\\Calendar\\Header.tsx",
    "statementMap": {
      "0": {
        "start": { "line": 6, "column": 0 },
        "end": { "line": 6, "column": 35 }
      },
      "1": {
        "start": { "line": 7, "column": 0 },
        "end": { "line": 7, "column": 34 }
      },
      "2": {
        "start": { "line": 8, "column": 0 },
        "end": { "line": 8, "column": 44 }
      },
      "3": {
        "start": { "line": 18, "column": 24 },
        "end": { "line": 18, "column": 49 }
      },
      "4": {
        "start": { "line": 19, "column": 26 },
        "end": { "line": 19, "column": 58 }
      },
      "5": {
        "start": { "line": 21, "column": 2 },
        "end": { "line": 47, "column": 4 }
      },
      "6": {
        "start": { "line": 50, "column": 0 },
        "end": { "line": 50, "column": 22 }
      }
    },
    "fnMap": {
      "0": {
        "name": "Header",
        "decl": {
          "start": { "line": 17, "column": 9 },
          "end": { "line": 17, "column": 15 }
        },
        "loc": {
          "start": { "line": 17, "column": 34 },
          "end": { "line": 48, "column": 1 }
        }
      }
    },
    "branchMap": {},
    "s": { "0": 0, "1": 0, "2": 0, "3": 0, "4": 0, "5": 0, "6": 0 },
    "f": { "0": 0 },
    "b": {}
  },
  "D:\\reactproject\\react-gonglu-design\\src\\Calendar\\LocaleContext.tsx": {
    "path": "D:\\reactproject\\react-gonglu-design\\src\\Calendar\\LocaleContext.tsx",
    "statementMap": {
      "0": {
        "start": { "line": 5, "column": 0 },
        "end": { "line": 5, "column": 38 }
      },
      "1": {
        "start": { "line": 11, "column": 22 },
        "end": { "line": 13, "column": 2 }
      },
      "2": {
        "start": { "line": 15, "column": 0 },
        "end": { "line": 15, "column": 29 }
      }
    },
    "fnMap": {},
    "branchMap": {},
    "s": { "0": 0, "1": 0, "2": 0 },
    "f": {},
    "b": {}
  },
  "D:\\reactproject\\react-gonglu-design\\src\\Calendar\\MonthCalendar.tsx": {
    "path": "D:\\reactproject\\react-gonglu-design\\src\\Calendar\\MonthCalendar.tsx",
    "statementMap": {
      "0": {
        "start": { "line": 1, "column": 0 },
        "end": { "line": 1, "column": 28 }
      },
      "1": {
        "start": { "line": 3, "column": 0 },
        "end": { "line": 3, "column": 35 }
      },
      "2": {
        "start": { "line": 5, "column": 0 },
        "end": { "line": 5, "column": 22 }
      },
      "3": {
        "start": { "line": 6, "column": 0 },
        "end": { "line": 6, "column": 34 }
      },
      "4": {
        "start": { "line": 7, "column": 0 },
        "end": { "line": 7, "column": 44 }
      },
      "5": {
        "start": { "line": 17, "column": 20 },
        "end": { "line": 17, "column": 41 }
      },
      "6": {
        "start": { "line": 18, "column": 14 },
        "end": { "line": 18, "column": 29 }
      },
      "7": {
        "start": { "line": 20, "column": 66 },
        "end": { "line": 21, "column": null }
      },
      "8": {
        "start": { "line": 24, "column": 2 },
        "end": { "line": 29, "column": null }
      },
      "9": {
        "start": { "line": 24, "column": 15 },
        "end": { "line": 24, "column": 16 }
      },
      "10": {
        "start": { "line": 25, "column": 4 },
        "end": { "line": 28, "column": 6 }
      },
      "11": {
        "start": { "line": 31, "column": 2 },
        "end": { "line": 37, "column": null }
      },
      "12": {
        "start": { "line": 31, "column": 15 },
        "end": { "line": 31, "column": 18 }
      },
      "13": {
        "start": { "line": 32, "column": 21 },
        "end": { "line": 32, "column": 50 }
      },
      "14": {
        "start": { "line": 33, "column": 4 },
        "end": { "line": 36, "column": 6 }
      },
      "15": {
        "start": { "line": 39, "column": 2 },
        "end": { "line": 39, "column": 18 }
      },
      "16": {
        "start": { "line": 49, "column": 15 },
        "end": { "line": 49, "column": 17 }
      },
      "17": {
        "start": { "line": 50, "column": 2 },
        "end": { "line": 88, "column": null }
      },
      "18": {
        "start": { "line": 50, "column": 15 },
        "end": { "line": 50, "column": 16 }
      },
      "19": {
        "start": { "line": 51, "column": 16 },
        "end": { "line": 51, "column": 18 }
      },
      "20": {
        "start": { "line": 52, "column": 4 },
        "end": { "line": 86, "column": null }
      },
      "21": {
        "start": { "line": 52, "column": 17 },
        "end": { "line": 52, "column": 18 }
      },
      "22": {
        "start": { "line": 53, "column": 19 },
        "end": { "line": 53, "column": 34 }
      },
      "23": {
        "start": { "line": 54, "column": 6 },
        "end": { "line": 85, "column": 8 }
      },
      "24": {
        "start": { "line": 62, "column": 25 },
        "end": { "line": 62, "column": 51 }
      },
      "25": {
        "start": { "line": 87, "column": 4 },
        "end": { "line": 87, "column": 19 }
      },
      "26": {
        "start": { "line": 89, "column": 2 },
        "end": { "line": 93, "column": 5 }
      },
      "27": {
        "start": { "line": 90, "column": 4 },
        "end": { "line": 90, "column": 21 }
      },
      "28": {
        "start": { "line": 97, "column": 24 },
        "end": { "line": 97, "column": 49 }
      },
      "29": {
        "start": { "line": 99, "column": 4 },
        "end": { "line": 99, "column": 9 }
      },
      "30": {
        "start": { "line": 101, "column": 25 },
        "end": { "line": 101, "column": 57 }
      },
      "31": {
        "start": { "line": 102, "column": 19 },
        "end": { "line": 110, "column": 4 }
      },
      "32": {
        "start": { "line": 112, "column": 18 },
        "end": { "line": 112, "column": 38 }
      },
      "33": {
        "start": { "line": 114, "column": 2 },
        "end": { "line": 133, "column": 4 }
      },
      "34": {
        "start": { "line": 118, "column": 10 },
        "end": { "line": 118, "column": null }
      },
      "35": {
        "start": { "line": 136, "column": 0 },
        "end": { "line": 136, "column": 29 }
      }
    },
    "fnMap": {
      "0": {
        "name": "getAllDays",
        "decl": {
          "start": { "line": 15, "column": 9 },
          "end": { "line": 15, "column": 19 }
        },
        "loc": {
          "start": { "line": 15, "column": 31 },
          "end": { "line": 40, "column": 1 }
        }
      },
      "1": {
        "name": "renderDays",
        "decl": {
          "start": { "line": 42, "column": 9 },
          "end": { "line": 42, "column": 19 }
        },
        "loc": {
          "start": { "line": 47, "column": 52 },
          "end": { "line": 94, "column": 1 }
        }
      },
      "2": {
        "name": "(anonymous_3)",
        "decl": {
          "start": { "line": 62, "column": 19 },
          "end": { "line": 62, "column": 22 }
        },
        "loc": {
          "start": { "line": 62, "column": 25 },
          "end": { "line": 62, "column": 51 }
        }
      },
      "3": {
        "name": "(anonymous_4)",
        "decl": {
          "start": { "line": 89, "column": 18 },
          "end": { "line": 89, "column": 19 }
        },
        "loc": {
          "start": { "line": 90, "column": 4 },
          "end": { "line": 90, "column": 21 }
        }
      },
      "4": {
        "name": "MonthCalendar",
        "decl": {
          "start": { "line": 96, "column": 9 },
          "end": { "line": 96, "column": 22 }
        },
        "loc": {
          "start": { "line": 96, "column": 48 },
          "end": { "line": 134, "column": 1 }
        }
      },
      "5": {
        "name": "(anonymous_6)",
        "decl": {
          "start": { "line": 117, "column": 22 },
          "end": { "line": 117, "column": 23 }
        },
        "loc": {
          "start": { "line": 118, "column": 10 },
          "end": { "line": 118, "column": null }
        }
      }
    },
    "branchMap": {
      "0": {
        "loc": {
          "start": { "line": 58, "column": 13 },
          "end": { "line": 60, "column": 18 }
        },
        "type": "cond-expr",
        "locations": [
          {
            "start": { "line": 59, "column": 16 },
            "end": { "line": 59, "column": 58 }
          },
          {
            "start": { "line": 60, "column": 16 },
            "end": { "line": 60, "column": 18 }
          }
        ]
      },
      "1": {
        "loc": {
          "start": { "line": 62, "column": 25 },
          "end": { "line": 62, "column": 51 }
        },
        "type": "cond-expr",
        "locations": [
          {
            "start": { "line": 62, "column": 38 },
            "end": { "line": 62, "column": 41 }
          },
          {
            "start": { "line": 62, "column": 25 },
            "end": { "line": 62, "column": 51 }
          }
        ]
      },
      "2": {
        "loc": {
          "start": { "line": 62, "column": 25 },
          "end": { "line": 62, "column": 41 }
        },
        "type": "binary-expr",
        "locations": [
          {
            "start": { "line": 62, "column": 25 },
            "end": { "line": 62, "column": 41 }
          },
          {
            "start": { "line": 62, "column": 25 },
            "end": { "line": 62, "column": 41 }
          }
        ]
      },
      "3": {
        "loc": {
          "start": { "line": 64, "column": 11 },
          "end": { "line": 82, "column": null }
        },
        "type": "cond-expr",
        "locations": [
          {
            "start": { "line": 65, "column": 12 },
            "end": { "line": 65, "column": 33 }
          },
          {
            "start": { "line": 67, "column": 12 },
            "end": { "line": 81, "column": null }
          }
        ]
      },
      "4": {
        "loc": {
          "start": { "line": 71, "column": 18 },
          "end": { "line": 73, "column": 24 }
        },
        "type": "cond-expr",
        "locations": [
          {
            "start": { "line": 72, "column": 22 },
            "end": { "line": 72, "column": 70 }
          },
          {
            "start": { "line": 73, "column": 22 },
            "end": { "line": 73, "column": 24 }
          }
        ]
      },
      "5": {
        "loc": {
          "start": { "line": 80, "column": 17 },
          "end": { "line": 80, "column": 46 }
        },
        "type": "cond-expr",
        "locations": [
          {
            "start": { "line": 80, "column": 33 },
            "end": { "line": 80, "column": 36 }
          },
          {
            "start": { "line": 80, "column": 17 },
            "end": { "line": 80, "column": 46 }
          }
        ]
      },
      "6": {
        "loc": {
          "start": { "line": 80, "column": 17 },
          "end": { "line": 80, "column": 36 }
        },
        "type": "binary-expr",
        "locations": [
          {
            "start": { "line": 80, "column": 17 },
            "end": { "line": 80, "column": 36 }
          },
          {
            "start": { "line": 80, "column": 17 },
            "end": { "line": 80, "column": 36 }
          }
        ]
      }
    },
    "s": {
      "0": 0,
      "1": 0,
      "2": 0,
      "3": 0,
      "4": 0,
      "5": 0,
      "6": 0,
      "7": 0,
      "8": 0,
      "9": 0,
      "10": 0,
      "11": 0,
      "12": 0,
      "13": 0,
      "14": 0,
      "15": 0,
      "16": 0,
      "17": 0,
      "18": 0,
      "19": 0,
      "20": 0,
      "21": 0,
      "22": 0,
      "23": 0,
      "24": 0,
      "25": 0,
      "26": 0,
      "27": 0,
      "28": 0,
      "29": 0,
      "30": 0,
      "31": 0,
      "32": 0,
      "33": 0,
      "34": 0,
      "35": 0
    },
    "f": { "0": 0, "1": 0, "2": 0, "3": 0, "4": 0, "5": 0 },
    "b": {
      "0": [0, 0],
      "1": [0, 0],
      "2": [0, 0],
      "3": [0, 0],
      "4": [0, 0],
      "5": [0, 0],
      "6": [0, 0]
    }
  },
  "D:\\reactproject\\react-gonglu-design\\src\\Calendar\\index.tsx": {
    "path": "D:\\reactproject\\react-gonglu-design\\src\\Calendar\\index.tsx",
    "statementMap": {
      "0": {
        "start": { "line": 9, "column": 0 },
        "end": { "line": 9, "column": 37 }
      },
      "1": {
        "start": { "line": 10, "column": 0 },
        "end": { "line": 10, "column": 59 }
      },
      "2": {
        "start": { "line": 11, "column": 0 },
        "end": { "line": 11, "column": 30 }
      },
      "3": {
        "start": { "line": 12, "column": 0 },
        "end": { "line": 12, "column": 22 }
      },
      "4": {
        "start": { "line": 13, "column": 0 },
        "end": { "line": 13, "column": 44 }
      },
      "5": {
        "start": { "line": 14, "column": 0 },
        "end": { "line": 14, "column": 44 }
      },
      "6": {
        "start": { "line": 29, "column": 17 },
        "end": { "line": 80, "column": 1 }
      },
      "7": {
        "start": { "line": 30, "column": 34 },
        "end": { "line": 30, "column": 62 }
      },
      "8": {
        "start": { "line": 32, "column": 34 },
        "end": { "line": 32, "column": 62 }
      },
      "9": {
        "start": { "line": 34, "column": 21 },
        "end": { "line": 38, "column": 3 }
      },
      "10": {
        "start": { "line": 35, "column": 4 },
        "end": { "line": 35, "column": 22 }
      },
      "11": {
        "start": { "line": 36, "column": 4 },
        "end": { "line": 36, "column": 22 }
      },
      "12": {
        "start": { "line": 37, "column": 4 },
        "end": { "line": 37, "column": 27 }
      },
      "13": {
        "start": { "line": 40, "column": 24 },
        "end": { "line": 42, "column": 3 }
      },
      "14": {
        "start": { "line": 41, "column": 4 },
        "end": { "line": 41, "column": 21 }
      },
      "15": {
        "start": { "line": 44, "column": 27 },
        "end": { "line": 46, "column": 3 }
      },
      "16": {
        "start": { "line": 45, "column": 4 },
        "end": { "line": 45, "column": 47 }
      },
      "17": {
        "start": { "line": 48, "column": 27 },
        "end": { "line": 50, "column": 3 }
      },
      "18": {
        "start": { "line": 49, "column": 4 },
        "end": { "line": 49, "column": 42 }
      },
      "19": {
        "start": { "line": 52, "column": 23 },
        "end": { "line": 55, "column": 3 }
      },
      "20": {
        "start": { "line": 53, "column": 17 },
        "end": { "line": 53, "column": 34 }
      },
      "21": {
        "start": { "line": 54, "column": 4 },
        "end": { "line": 54, "column": 21 }
      },
      "22": {
        "start": { "line": 57, "column": 2 },
        "end": { "line": 79, "column": 4 }
      },
      "23": {
        "start": { "line": 82, "column": 0 },
        "end": { "line": 82, "column": 24 }
      }
    },
    "fnMap": {
      "0": {
        "name": "(anonymous_1)",
        "decl": {
          "start": { "line": 29, "column": 17 },
          "end": { "line": 29, "column": 18 }
        },
        "loc": {
          "start": { "line": 29, "column": 42 },
          "end": { "line": 80, "column": 1 }
        }
      },
      "1": {
        "name": "(anonymous_2)",
        "decl": {
          "start": { "line": 34, "column": 21 },
          "end": { "line": 34, "column": 22 }
        },
        "loc": {
          "start": { "line": 34, "column": 37 },
          "end": { "line": 38, "column": 3 }
        }
      },
      "2": {
        "name": "(anonymous_3)",
        "decl": {
          "start": { "line": 40, "column": 24 },
          "end": { "line": 40, "column": 25 }
        },
        "loc": {
          "start": { "line": 40, "column": 40 },
          "end": { "line": 42, "column": 3 }
        }
      },
      "3": {
        "name": "(anonymous_4)",
        "decl": {
          "start": { "line": 44, "column": 27 },
          "end": { "line": 44, "column": 30 }
        },
        "loc": {
          "start": { "line": 44, "column": 32 },
          "end": { "line": 46, "column": 3 }
        }
      },
      "4": {
        "name": "(anonymous_5)",
        "decl": {
          "start": { "line": 48, "column": 27 },
          "end": { "line": 48, "column": 30 }
        },
        "loc": {
          "start": { "line": 48, "column": 32 },
          "end": { "line": 50, "column": 3 }
        }
      },
      "5": {
        "name": "(anonymous_6)",
        "decl": {
          "start": { "line": 52, "column": 23 },
          "end": { "line": 52, "column": 26 }
        },
        "loc": {
          "start": { "line": 52, "column": 28 },
          "end": { "line": 55, "column": 3 }
        }
      }
    },
    "branchMap": {
      "0": {
        "loc": {
          "start": { "line": 37, "column": 4 },
          "end": { "line": 37, "column": 26 }
        },
        "type": "cond-expr",
        "locations": [
          {
            "start": { "line": 37, "column": 18 },
            "end": { "line": 37, "column": 21 }
          },
          {
            "start": { "line": 37, "column": 18 },
            "end": { "line": 37, "column": 26 }
          }
        ]
      },
      "1": {
        "loc": {
          "start": { "line": 37, "column": 4 },
          "end": { "line": 37, "column": 21 }
        },
        "type": "binary-expr",
        "locations": [
          {
            "start": { "line": 37, "column": 4 },
            "end": { "line": 37, "column": 21 }
          },
          {
            "start": { "line": 37, "column": 18 },
            "end": { "line": 37, "column": 21 }
          }
        ]
      },
      "2": {
        "loc": {
          "start": { "line": 61, "column": 16 },
          "end": { "line": 61, "column": 50 }
        },
        "type": "binary-expr",
        "locations": [
          {
            "start": { "line": 61, "column": 16 },
            "end": { "line": 61, "column": 28 }
          },
          {
            "start": { "line": 61, "column": 32 },
            "end": { "line": 61, "column": 50 }
          }
        ]
      }
    },
    "s": {
      "0": 0,
      "1": 0,
      "2": 0,
      "3": 0,
      "4": 0,
      "5": 0,
      "6": 0,
      "7": 0,
      "8": 0,
      "9": 0,
      "10": 0,
      "11": 0,
      "12": 0,
      "13": 0,
      "14": 0,
      "15": 0,
      "16": 0,
      "17": 0,
      "18": 0,
      "19": 0,
      "20": 0,
      "21": 0,
      "22": 0,
      "23": 0
    },
    "f": { "0": 0, "1": 0, "2": 0, "3": 0, "4": 0, "5": 0 },
    "b": { "0": [0, 0], "1": [0, 0], "2": [0, 0] }
  },
  "D:\\reactproject\\react-gonglu-design\\src\\Calendar\\demos\\index.tsx": {
    "path": "D:\\reactproject\\react-gonglu-design\\src\\Calendar\\demos\\index.tsx",
    "statementMap": {
      "0": {
        "start": { "line": 5, "column": 0 },
        "end": { "line": 5, "column": 26 }
      },
      "1": {
        "start": { "line": 6, "column": 0 },
        "end": { "line": 6, "column": 47 }
      },
      "2": {
        "start": { "line": 9, "column": 2 },
        "end": { "line": 25, "column": 4 }
      },
      "3": {
        "start": { "line": 13, "column": 8 },
        "end": { "line": 13, "column": 47 }
      },
      "4": {
        "start": { "line": 28, "column": 0 },
        "end": { "line": 28, "column": 21 }
      }
    },
    "fnMap": {
      "0": {
        "name": "Demos",
        "decl": {
          "start": { "line": 8, "column": 9 },
          "end": { "line": 8, "column": 14 }
        },
        "loc": {
          "start": { "line": 8, "column": 14 },
          "end": { "line": 26, "column": 1 }
        }
      },
      "1": {
        "name": "(anonymous_2)",
        "decl": {
          "start": { "line": 12, "column": 16 },
          "end": { "line": 12, "column": 17 }
        },
        "loc": {
          "start": { "line": 12, "column": 25 },
          "end": { "line": 14, "column": 7 }
        }
      }
    },
    "branchMap": {},
    "s": { "0": 0, "1": 0, "2": 0, "3": 0, "4": 0 },
    "f": { "0": 0, "1": 0 },
    "b": {}
  },
  "D:\\reactproject\\react-gonglu-design\\src\\Calendar\\locale\\en-US.ts": {
    "path": "D:\\reactproject\\react-gonglu-design\\src\\Calendar\\locale\\en-US.ts",
    "statementMap": {
      "0": {
        "start": { "line": 7, "column": 37 },
        "end": { "line": 34, "column": 2 }
      },
      "1": {
        "start": { "line": 36, "column": 0 },
        "end": { "line": 36, "column": 30 }
      }
    },
    "fnMap": {},
    "branchMap": {},
    "s": { "0": 0, "1": 0 },
    "f": {},
    "b": {}
  },
  "D:\\reactproject\\react-gonglu-design\\src\\Calendar\\locale\\index.ts": {
    "path": "D:\\reactproject\\react-gonglu-design\\src\\Calendar\\locale\\index.ts",
    "statementMap": {
      "0": {
        "start": { "line": 5, "column": 0 },
        "end": { "line": 5, "column": 27 }
      },
      "1": {
        "start": { "line": 7, "column": 0 },
        "end": { "line": 7, "column": 27 }
      },
      "2": {
        "start": { "line": 8, "column": 0 },
        "end": { "line": 8, "column": 27 }
      },
      "3": {
        "start": { "line": 10, "column": 49 },
        "end": { "line": 14, "column": 2 }
      },
      "4": {
        "start": { "line": 16, "column": 0 },
        "end": { "line": 16, "column": 26 }
      }
    },
    "fnMap": {},
    "branchMap": {},
    "s": { "0": 0, "1": 0, "2": 0, "3": 0, "4": 0 },
    "f": {},
    "b": {}
  },
  "D:\\reactproject\\react-gonglu-design\\src\\Calendar\\locale\\ru-RU.ts": {
    "path": "D:\\reactproject\\react-gonglu-design\\src\\Calendar\\locale\\ru-RU.ts",
    "statementMap": {
      "0": {
        "start": { "line": 7, "column": 37 },
        "end": { "line": 34, "column": 2 }
      },
      "1": {
        "start": { "line": 36, "column": 0 },
        "end": { "line": 36, "column": 30 }
      }
    },
    "fnMap": {},
    "branchMap": {},
    "s": { "0": 0, "1": 0 },
    "f": {},
    "b": {}
  },
  "D:\\reactproject\\react-gonglu-design\\src\\Calendar\\locale\\zh-CN.ts": {
    "path": "D:\\reactproject\\react-gonglu-design\\src\\Calendar\\locale\\zh-CN.ts",
    "statementMap": {
      "0": {
        "start": { "line": 7, "column": 37 },
        "end": { "line": 34, "column": 2 }
      },
      "1": {
        "start": { "line": 36, "column": 0 },
        "end": { "line": 36, "column": 30 }
      }
    },
    "fnMap": {},
    "branchMap": {},
    "s": { "0": 0, "1": 0 },
    "f": {},
    "b": {}
  },
  "D:\\reactproject\\react-gonglu-design\\src\\CountdownButton\\index.tsx": {
    "path": "D:\\reactproject\\react-gonglu-design\\src\\CountdownButton\\index.tsx",
    "statementMap": {
      "0": {
        "start": { "line": 1, "column": 0 },
        "end": { "line": 1, "column": 51 }
      },
      "1": {
        "start": { "line": 3, "column": 0 },
        "end": { "line": 3, "column": 30 }
      },
      "2": {
        "start": { "line": 5, "column": 23 },
        "end": { "line": 5, "column": 25 }
      },
      "3": {
        "start": { "line": 37, "column": 3 },
        "end": { "line": 37, "column": null }
      },
      "4": {
        "start": { "line": 34, "column": 23 },
        "end": { "line": 34, "column": 34 }
      },
      "5": {
        "start": { "line": 36, "column": 4 },
        "end": { "line": 36, "column": 23 }
      },
      "6": {
        "start": { "line": 38, "column": 9 },
        "end": { "line": 39, "column": 22 }
      },
      "7": {
        "start": { "line": 40, "column": 42 },
        "end": { "line": 43, "column": 4 }
      },
      "8": {
        "start": { "line": 44, "column": 2 },
        "end": { "line": 59, "column": 28 }
      },
      "9": {
        "start": { "line": 45, "column": 36 },
        "end": { "line": 45, "column": 45 }
      },
      "10": {
        "start": { "line": 46, "column": 4 },
        "end": { "line": 57, "column": null }
      },
      "11": {
        "start": { "line": 47, "column": 6 },
        "end": { "line": 56, "column": 15 }
      },
      "12": {
        "start": { "line": 48, "column": 8 },
        "end": { "line": 55, "column": 11 }
      },
      "13": {
        "start": { "line": 49, "column": 36 },
        "end": { "line": 49, "column": 39 }
      },
      "14": {
        "start": { "line": 50, "column": 10 },
        "end": { "line": 53, "column": null }
      },
      "15": {
        "start": { "line": 51, "column": 12 },
        "end": { "line": 51, "column": 40 }
      },
      "16": {
        "start": { "line": 52, "column": 12 },
        "end": { "line": 52, "column": 58 }
      },
      "17": {
        "start": { "line": 54, "column": 10 },
        "end": { "line": 54, "column": 46 }
      },
      "18": {
        "start": { "line": 58, "column": 4 },
        "end": { "line": 58, "column": 45 }
      },
      "19": {
        "start": { "line": 58, "column": 17 },
        "end": { "line": 58, "column": 44 }
      },
      "20": {
        "start": { "line": 61, "column": 27 },
        "end": { "line": 66, "column": 3 }
      },
      "21": {
        "start": { "line": 62, "column": 4 },
        "end": { "line": 65, "column": 7 }
      },
      "22": {
        "start": { "line": 69, "column": 2 },
        "end": { "line": 75, "column": null }
      },
      "23": {
        "start": { "line": 70, "column": 4 },
        "end": { "line": 70, "column": 28 }
      },
      "24": {
        "start": { "line": 71, "column": 9 },
        "end": { "line": 75, "column": null }
      },
      "25": {
        "start": { "line": 72, "column": 4 },
        "end": { "line": 72, "column": 49 }
      },
      "26": {
        "start": { "line": 74, "column": 4 },
        "end": { "line": 74, "column": 21 }
      },
      "27": {
        "start": { "line": 77, "column": 2 },
        "end": { "line": 88, "column": 4 }
      },
      "28": {
        "start": { "line": 82, "column": 8 },
        "end": { "line": 82, "column": 45 }
      },
      "29": {
        "start": { "line": 91, "column": 0 },
        "end": { "line": 91, "column": 31 }
      }
    },
    "fnMap": {
      "0": {
        "name": "CountdownButton",
        "decl": {
          "start": { "line": 30, "column": 9 },
          "end": { "line": 30, "column": 24 }
        },
        "loc": {
          "start": { "line": 39, "column": 22 },
          "end": { "line": 89, "column": 1 }
        }
      },
      "1": {
        "name": "(anonymous_2)",
        "decl": {
          "start": { "line": 34, "column": 16 },
          "end": { "line": 34, "column": 17 }
        },
        "loc": {
          "start": { "line": 34, "column": 23 },
          "end": { "line": 34, "column": 34 }
        }
      },
      "2": {
        "name": "(anonymous_3)",
        "decl": {
          "start": { "line": 35, "column": 12 },
          "end": { "line": 35, "column": 13 }
        },
        "loc": {
          "start": { "line": 35, "column": 33 },
          "end": { "line": 37, "column": 3 }
        }
      },
      "3": {
        "name": "(anonymous_4)",
        "decl": {
          "start": { "line": 44, "column": 12 },
          "end": { "line": 44, "column": 15 }
        },
        "loc": {
          "start": { "line": 44, "column": 17 },
          "end": { "line": 59, "column": 3 }
        }
      },
      "4": {
        "name": "(anonymous_5)",
        "decl": {
          "start": { "line": 47, "column": 33 },
          "end": { "line": 47, "column": 36 }
        },
        "loc": {
          "start": { "line": 47, "column": 38 },
          "end": { "line": 56, "column": 7 }
        }
      },
      "5": {
        "name": "(anonymous_6)",
        "decl": {
          "start": { "line": 48, "column": 24 },
          "end": { "line": 48, "column": 25 }
        },
        "loc": {
          "start": { "line": 48, "column": 32 },
          "end": { "line": 55, "column": 9 }
        }
      },
      "6": {
        "name": "(anonymous_7)",
        "decl": {
          "start": { "line": 58, "column": 11 },
          "end": { "line": 58, "column": 14 }
        },
        "loc": {
          "start": { "line": 58, "column": 17 },
          "end": { "line": 58, "column": 44 }
        }
      },
      "7": {
        "name": "(anonymous_8)",
        "decl": {
          "start": { "line": 61, "column": 27 },
          "end": { "line": 61, "column": 30 }
        },
        "loc": {
          "start": { "line": 61, "column": 32 },
          "end": { "line": 66, "column": 3 }
        }
      },
      "8": {
        "name": "(anonymous_9)",
        "decl": {
          "start": { "line": 81, "column": 15 },
          "end": { "line": 81, "column": 18 }
        },
        "loc": {
          "start": { "line": 81, "column": 20 },
          "end": { "line": 83, "column": 7 }
        }
      }
    },
    "branchMap": {
      "0": {
        "loc": {
          "start": { "line": 31, "column": 2 },
          "end": { "line": 31, "column": 31 }
        },
        "type": "default-arg",
        "locations": [
          {
            "start": { "line": 31, "column": 17 },
            "end": { "line": 31, "column": 31 }
          }
        ]
      },
      "1": {
        "loc": {
          "start": { "line": 32, "column": 2 },
          "end": { "line": 32, "column": 15 }
        },
        "type": "default-arg",
        "locations": [
          {
            "start": { "line": 32, "column": 8 },
            "end": { "line": 32, "column": 15 }
          }
        ]
      },
      "2": {
        "loc": {
          "start": { "line": 33, "column": 2 },
          "end": { "line": 33, "column": 20 }
        },
        "type": "default-arg",
        "locations": [
          {
            "start": { "line": 33, "column": 15 },
            "end": { "line": 33, "column": 20 }
          }
        ]
      },
      "3": {
        "loc": {
          "start": { "line": 34, "column": 2 },
          "end": { "line": 34, "column": 34 }
        },
        "type": "default-arg",
        "locations": [
          {
            "start": { "line": 34, "column": 16 },
            "end": { "line": 34, "column": 34 }
          }
        ]
      },
      "4": {
        "loc": {
          "start": { "line": 35, "column": 2 },
          "end": { "line": 37, "column": 3 }
        },
        "type": "default-arg",
        "locations": [
          {
            "start": { "line": 35, "column": 12 },
            "end": { "line": 37, "column": 3 }
          }
        ]
      },
      "5": {
        "loc": {
          "start": { "line": 46, "column": 4 },
          "end": { "line": 57, "column": null }
        },
        "type": "if",
        "locations": [
          {
            "start": { "line": 46, "column": 4 },
            "end": { "line": 57, "column": null }
          }
        ]
      },
      "6": {
        "loc": {
          "start": { "line": 50, "column": 10 },
          "end": { "line": 53, "column": null }
        },
        "type": "if",
        "locations": [
          {
            "start": { "line": 50, "column": 10 },
            "end": { "line": 53, "column": null }
          }
        ]
      },
      "7": {
        "loc": {
          "start": { "line": 69, "column": 2 },
          "end": { "line": 75, "column": null }
        },
        "type": "if",
        "locations": [
          {
            "start": { "line": 69, "column": 2 },
            "end": { "line": 75, "column": null }
          },
          {
            "start": { "line": 71, "column": 9 },
            "end": { "line": 75, "column": null }
          }
        ]
      },
      "8": {
        "loc": {
          "start": { "line": 71, "column": 9 },
          "end": { "line": 75, "column": null }
        },
        "type": "if",
        "locations": [
          {
            "start": { "line": 71, "column": 9 },
            "end": { "line": 75, "column": null }
          },
          {
            "start": { "line": 73, "column": 9 },
            "end": { "line": 75, "column": null }
          }
        ]
      },
      "9": {
        "loc": {
          "start": { "line": 80, "column": 34 },
          "end": { "line": 80, "column": 50 }
        },
        "type": "binary-expr",
        "locations": [
          {
            "start": { "line": 80, "column": 34 },
            "end": { "line": 80, "column": 44 }
          },
          {
            "start": { "line": 80, "column": 48 },
            "end": { "line": 80, "column": 50 }
          }
        ]
      },
      "10": {
        "loc": {
          "start": { "line": 82, "column": 8 },
          "end": { "line": 82, "column": 44 }
        },
        "type": "binary-expr",
        "locations": [
          {
            "start": { "line": 82, "column": 8 },
            "end": { "line": 82, "column": 15 }
          },
          {
            "start": { "line": 82, "column": 19 },
            "end": { "line": 82, "column": 44 }
          }
        ]
      }
    },
    "s": {
      "0": 0,
      "1": 0,
      "2": 0,
      "3": 0,
      "4": 0,
      "5": 0,
      "6": 0,
      "7": 0,
      "8": 0,
      "9": 0,
      "10": 0,
      "11": 0,
      "12": 0,
      "13": 0,
      "14": 0,
      "15": 0,
      "16": 0,
      "17": 0,
      "18": 0,
      "19": 0,
      "20": 0,
      "21": 0,
      "22": 0,
      "23": 0,
      "24": 0,
      "25": 0,
      "26": 0,
      "27": 0,
      "28": 0,
      "29": 0
    },
    "f": {
      "0": 0,
      "1": 0,
      "2": 0,
      "3": 0,
      "4": 0,
      "5": 0,
      "6": 0,
      "7": 0,
      "8": 0
    },
    "b": {
      "0": [0],
      "1": [0],
      "2": [0],
      "3": [0],
      "4": [0],
      "5": [0],
      "6": [0],
      "7": [0, 0],
      "8": [0, 0],
      "9": [0, 0],
      "10": [0, 0]
    }
  },
  "D:\\reactproject\\react-gonglu-design\\src\\CountdownButton\\demos\\index.tsx": {
    "path": "D:\\reactproject\\react-gonglu-design\\src\\CountdownButton\\demos\\index.tsx",
    "statementMap": {
      "0": {
        "start": { "line": 5, "column": 0 },
        "end": { "line": 5, "column": 40 }
      },
      "1": {
        "start": { "line": 6, "column": 0 },
        "end": { "line": 6, "column": 54 }
      },
      "2": {
        "start": { "line": 9, "column": 32 },
        "end": { "line": 9, "column": 56 }
      },
      "3": {
        "start": { "line": 11, "column": 18 },
        "end": { "line": 24, "column": 4 }
      },
      "4": {
        "start": { "line": 11, "column": 29 },
        "end": { "line": 24, "column": 4 }
      },
      "5": {
        "start": { "line": 12, "column": 4 },
        "end": { "line": 12, "column": 21 }
      },
      "6": {
        "start": { "line": 13, "column": 4 },
        "end": { "line": 23, "column": null }
      },
      "7": {
        "start": { "line": 14, "column": 6 },
        "end": { "line": 18, "column": 8 }
      },
      "8": {
        "start": { "line": 15, "column": 8 },
        "end": { "line": 17, "column": 16 }
      },
      "9": {
        "start": { "line": 16, "column": 10 },
        "end": { "line": 16, "column": 23 }
      },
      "10": {
        "start": { "line": 20, "column": 6 },
        "end": { "line": 20, "column": 32 }
      },
      "11": {
        "start": { "line": 22, "column": 6 },
        "end": { "line": 22, "column": 24 }
      },
      "12": {
        "start": { "line": 26, "column": 2 },
        "end": { "line": 37, "column": 4 }
      },
      "13": {
        "start": { "line": 29, "column": 42 },
        "end": { "line": 33, "column": null }
      },
      "14": {
        "start": { "line": 30, "column": 21 },
        "end": { "line": 30, "column": 36 }
      },
      "15": {
        "start": { "line": 31, "column": 8 },
        "end": { "line": 31, "column": 35 }
      },
      "16": {
        "start": { "line": 32, "column": 8 },
        "end": { "line": 32, "column": 27 }
      },
      "17": {
        "start": { "line": 40, "column": 0 },
        "end": { "line": 40, "column": 35 }
      }
    },
    "fnMap": {
      "0": {
        "name": "CountdownButtonDemo",
        "decl": {
          "start": { "line": 8, "column": 9 },
          "end": { "line": 8, "column": 28 }
        },
        "loc": {
          "start": { "line": 8, "column": 28 },
          "end": { "line": 38, "column": 1 }
        }
      },
      "1": {
        "name": "(anonymous_8)",
        "decl": {
          "start": { "line": 11, "column": 18 },
          "end": { "line": 11, "column": 27 }
        },
        "loc": {
          "start": { "line": 11, "column": 29 },
          "end": { "line": 24, "column": 4 }
        }
      },
      "2": {
        "name": "(anonymous_9)",
        "decl": {
          "start": { "line": 11, "column": 29 },
          "end": { "line": 11, "column": null }
        },
        "loc": {
          "start": { "line": 11, "column": 29 },
          "end": { "line": 24, "column": 3 }
        }
      },
      "3": {
        "name": "(anonymous_10)",
        "decl": {
          "start": { "line": 14, "column": 31 },
          "end": { "line": 14, "column": 32 }
        },
        "loc": {
          "start": { "line": 15, "column": 8 },
          "end": { "line": 17, "column": 16 }
        }
      },
      "4": {
        "name": "(anonymous_11)",
        "decl": {
          "start": { "line": 15, "column": 19 },
          "end": { "line": 15, "column": 22 }
        },
        "loc": {
          "start": { "line": 15, "column": 24 },
          "end": { "line": 17, "column": 9 }
        }
      },
      "5": {
        "name": "(anonymous_12)",
        "decl": {
          "start": { "line": 29, "column": 15 },
          "end": { "line": 29, "column": 22 }
        },
        "loc": {
          "start": { "line": 29, "column": 42 },
          "end": { "line": 33, "column": null }
        }
      },
      "6": {
        "name": "(anonymous_13)",
        "decl": {
          "start": { "line": 29, "column": 42 },
          "end": { "line": 29, "column": null }
        },
        "loc": {
          "start": { "line": 29, "column": 42 },
          "end": { "line": 33, "column": 7 }
        }
      }
    },
    "branchMap": {},
    "s": {
      "0": 0,
      "1": 0,
      "2": 0,
      "3": 0,
      "4": 0,
      "5": 0,
      "6": 0,
      "7": 0,
      "8": 0,
      "9": 0,
      "10": 0,
      "11": 0,
      "12": 0,
      "13": 0,
      "14": 0,
      "15": 0,
      "16": 0,
      "17": 0
    },
    "f": { "0": 0, "1": 0, "2": 0, "3": 0, "4": 0, "5": 0, "6": 0 },
    "b": {}
  },
  "D:\\reactproject\\react-gonglu-design\\src\\Foo\\index.tsx": {
    "path": "D:\\reactproject\\react-gonglu-design\\src\\Foo\\index.tsx",
    "statementMap": {
      "0": {
        "start": { "line": 6, "column": 12 },
        "end": { "line": 12, "column": 1 }
      },
      "1": {
        "start": { "line": 7, "column": 2 },
        "end": { "line": 11, "column": 4 }
      },
      "2": {
        "start": { "line": 14, "column": 0 },
        "end": { "line": 14, "column": 19 }
      }
    },
    "fnMap": {
      "0": {
        "name": "(anonymous_0)",
        "decl": {
          "start": { "line": 6, "column": 12 },
          "end": { "line": 6, "column": 15 }
        },
        "loc": {
          "start": { "line": 6, "column": 17 },
          "end": { "line": 12, "column": 1 }
        }
      }
    },
    "branchMap": {},
    "s": { "0": 1, "1": 1, "2": 1 },
    "f": { "0": 1 },
    "b": {}
  },
  "D:\\reactproject\\react-gonglu-design\\src\\RankList\\index.tsx": {
    "path": "D:\\reactproject\\react-gonglu-design\\src\\RankList\\index.tsx",
    "statementMap": {
      "0": {
        "start": { "line": 5, "column": 0 },
        "end": { "line": 5, "column": 51 }
      },
      "1": {
        "start": { "line": 6, "column": 0 },
        "end": { "line": 6, "column": 22 }
      },
      "2": {
        "start": { "line": 27, "column": 36 },
        "end": { "line": 27, "column": 62 }
      },
      "3": {
        "start": { "line": 28, "column": 34 },
        "end": { "line": 28, "column": 56 }
      },
      "4": {
        "start": { "line": 29, "column": 2 },
        "end": { "line": 48, "column": 9 }
      },
      "5": {
        "start": { "line": 30, "column": 4 },
        "end": { "line": 35, "column": null }
      },
      "6": {
        "start": { "line": 31, "column": 6 },
        "end": { "line": 34, "column": 9 }
      },
      "7": {
        "start": { "line": 32, "column": 8 },
        "end": { "line": 32, "column": 35 }
      },
      "8": {
        "start": { "line": 33, "column": 8 },
        "end": { "line": 33, "column": 19 }
      },
      "9": {
        "start": { "line": 36, "column": 24 },
        "end": { "line": 36, "column": 26 }
      },
      "10": {
        "start": { "line": 37, "column": 4 },
        "end": { "line": 46, "column": 7 }
      },
      "11": {
        "start": { "line": 38, "column": 6 },
        "end": { "line": 40, "column": null }
      },
      "12": {
        "start": { "line": 39, "column": 8 },
        "end": { "line": 39, "column": 18 }
      },
      "13": {
        "start": { "line": 41, "column": 26 },
        "end": { "line": 41, "column": 28 }
      },
      "14": {
        "start": { "line": 42, "column": 6 },
        "end": { "line": 44, "column": null }
      },
      "15": {
        "start": { "line": 43, "column": 8 },
        "end": { "line": 43, "column": 31 }
      },
      "16": {
        "start": { "line": 45, "column": 6 },
        "end": { "line": 45, "column": 26 }
      },
      "17": {
        "start": { "line": 47, "column": 4 },
        "end": { "line": 47, "column": 24 }
      },
      "18": {
        "start": { "line": 49, "column": 2 },
        "end": { "line": 82, "column": 4 }
      },
      "19": {
        "start": { "line": 54, "column": 12 },
        "end": { "line": 54, "column": null }
      },
      "20": {
        "start": { "line": 62, "column": 34 },
        "end": { "line": 62, "column": 47 }
      },
      "21": {
        "start": { "line": 64, "column": 14 },
        "end": { "line": 64, "column": 30 }
      },
      "22": {
        "start": { "line": 71, "column": 18 },
        "end": { "line": 71, "column": null }
      },
      "23": {
        "start": { "line": 85, "column": 0 },
        "end": { "line": 85, "column": 24 }
      }
    },
    "fnMap": {
      "0": {
        "name": "RankList",
        "decl": {
          "start": { "line": 18, "column": 9 },
          "end": { "line": 18, "column": 17 }
        },
        "loc": {
          "start": { "line": 26, "column": 16 },
          "end": { "line": 83, "column": 1 }
        }
      },
      "1": {
        "name": "(anonymous_7)",
        "decl": {
          "start": { "line": 29, "column": 12 },
          "end": { "line": 29, "column": 15 }
        },
        "loc": {
          "start": { "line": 29, "column": 17 },
          "end": { "line": 48, "column": 3 }
        }
      },
      "2": {
        "name": "(anonymous_8)",
        "decl": {
          "start": { "line": 31, "column": 18 },
          "end": { "line": 31, "column": 19 }
        },
        "loc": {
          "start": { "line": 31, "column": 36 },
          "end": { "line": 34, "column": 7 }
        }
      },
      "3": {
        "name": "(anonymous_9)",
        "decl": {
          "start": { "line": 37, "column": 17 },
          "end": { "line": 37, "column": 18 }
        },
        "loc": {
          "start": { "line": 37, "column": 31 },
          "end": { "line": 46, "column": 5 }
        }
      },
      "4": {
        "name": "(anonymous_10)",
        "decl": {
          "start": { "line": 53, "column": 25 },
          "end": { "line": 53, "column": 26 }
        },
        "loc": {
          "start": { "line": 54, "column": 12 },
          "end": { "line": 54, "column": null }
        }
      },
      "5": {
        "name": "(anonymous_11)",
        "decl": {
          "start": { "line": 62, "column": 20 },
          "end": { "line": 62, "column": 21 }
        },
        "loc": {
          "start": { "line": 62, "column": 34 },
          "end": { "line": 62, "column": 47 }
        }
      },
      "6": {
        "name": "(anonymous_12)",
        "decl": {
          "start": { "line": 63, "column": 17 },
          "end": { "line": 63, "column": 18 }
        },
        "loc": {
          "start": { "line": 64, "column": 14 },
          "end": { "line": 64, "column": 30 }
        }
      },
      "7": {
        "name": "(anonymous_13)",
        "decl": {
          "start": { "line": 70, "column": 26 },
          "end": { "line": 70, "column": 27 }
        },
        "loc": {
          "start": { "line": 71, "column": 18 },
          "end": { "line": 71, "column": null }
        }
      }
    },
    "branchMap": {
      "0": {
        "loc": {
          "start": { "line": 19, "column": 2 },
          "end": { "line": 19, "column": 11 }
        },
        "type": "default-arg",
        "locations": [
          {
            "start": { "line": 19, "column": 9 },
            "end": { "line": 19, "column": 11 }
          }
        ]
      },
      "1": {
        "loc": {
          "start": { "line": 20, "column": 2 },
          "end": { "line": 20, "column": 13 }
        },
        "type": "default-arg",
        "locations": [
          {
            "start": { "line": 20, "column": 11 },
            "end": { "line": 20, "column": 13 }
          }
        ]
      },
      "2": {
        "loc": {
          "start": { "line": 21, "column": 2 },
          "end": { "line": 21, "column": 18 }
        },
        "type": "default-arg",
        "locations": [
          {
            "start": { "line": 21, "column": 14 },
            "end": { "line": 21, "column": 18 }
          }
        ]
      },
      "3": {
        "loc": {
          "start": { "line": 22, "column": 2 },
          "end": { "line": 22, "column": 22 }
        },
        "type": "default-arg",
        "locations": [
          {
            "start": { "line": 22, "column": 18 },
            "end": { "line": 22, "column": 22 }
          }
        ]
      },
      "4": {
        "loc": {
          "start": { "line": 23, "column": 2 },
          "end": { "line": 23, "column": 20 }
        },
        "type": "default-arg",
        "locations": [
          {
            "start": { "line": 23, "column": 14 },
            "end": { "line": 23, "column": 20 }
          }
        ]
      },
      "5": {
        "loc": {
          "start": { "line": 24, "column": 2 },
          "end": { "line": 24, "column": 20 }
        },
        "type": "default-arg",
        "locations": [
          {
            "start": { "line": 24, "column": 14 },
            "end": { "line": 24, "column": 20 }
          }
        ]
      },
      "6": {
        "loc": {
          "start": { "line": 25, "column": 2 },
          "end": { "line": 25, "column": 11 }
        },
        "type": "default-arg",
        "locations": [
          {
            "start": { "line": 25, "column": 10 },
            "end": { "line": 25, "column": 11 }
          }
        ]
      },
      "7": {
        "loc": {
          "start": { "line": 30, "column": 4 },
          "end": { "line": 35, "column": null }
        },
        "type": "if",
        "locations": [
          {
            "start": { "line": 30, "column": 4 },
            "end": { "line": 35, "column": null }
          }
        ]
      },
      "8": {
        "loc": {
          "start": { "line": 38, "column": 6 },
          "end": { "line": 40, "column": null }
        },
        "type": "if",
        "locations": [
          {
            "start": { "line": 38, "column": 6 },
            "end": { "line": 40, "column": null }
          }
        ]
      },
      "9": {
        "loc": {
          "start": { "line": 52, "column": 9 },
          "end": { "line": 57, "column": 12 }
        },
        "type": "binary-expr",
        "locations": [
          {
            "start": { "line": 52, "column": 9 },
            "end": { "line": 52, "column": 19 }
          },
          {
            "start": { "line": 53, "column": 10 },
            "end": { "line": 57, "column": 12 }
          }
        ]
      },
      "10": {
        "loc": {
          "start": { "line": 59, "column": 7 },
          "end": { "line": 79, "column": null }
        },
        "type": "cond-expr",
        "locations": [
          {
            "start": { "line": 60, "column": 8 },
            "end": { "line": 76, "column": null }
          },
          {
            "start": { "line": 79, "column": 8 },
            "end": { "line": 79, "column": 49 }
          }
        ]
      },
      "11": {
        "loc": {
          "start": { "line": 59, "column": 7 },
          "end": { "line": 59, "column": 34 }
        },
        "type": "binary-expr",
        "locations": [
          {
            "start": { "line": 59, "column": 7 },
            "end": { "line": 59, "column": 15 }
          },
          {
            "start": { "line": 59, "column": 19 },
            "end": { "line": 59, "column": 34 }
          }
        ]
      },
      "12": {
        "loc": {
          "start": { "line": 65, "column": 17 },
          "end": { "line": 68, "column": null }
        },
        "type": "binary-expr",
        "locations": [
          {
            "start": { "line": 65, "column": 17 },
            "end": { "line": 65, "column": 26 }
          },
          {
            "start": { "line": 66, "column": 18 },
            "end": { "line": 67, "column": null }
          }
        ]
      },
      "13": {
        "loc": {
          "start": { "line": 72, "column": 33 },
          "end": { "line": 72, "column": 45 }
        },
        "type": "binary-expr",
        "locations": [
          {
            "start": { "line": 72, "column": 33 },
            "end": { "line": 72, "column": 38 }
          },
          {
            "start": { "line": 72, "column": 42 },
            "end": { "line": 72, "column": 45 }
          }
        ]
      },
      "14": {
        "loc": {
          "start": { "line": 72, "column": 48 },
          "end": { "line": 72, "column": 60 }
        },
        "type": "binary-expr",
        "locations": [
          {
            "start": { "line": 72, "column": 48 },
            "end": { "line": 72, "column": 53 }
          },
          {
            "start": { "line": 72, "column": 57 },
            "end": { "line": 72, "column": 60 }
          }
        ]
      }
    },
    "s": {
      "0": 0,
      "1": 0,
      "2": 0,
      "3": 0,
      "4": 0,
      "5": 0,
      "6": 0,
      "7": 0,
      "8": 0,
      "9": 0,
      "10": 0,
      "11": 0,
      "12": 0,
      "13": 0,
      "14": 0,
      "15": 0,
      "16": 0,
      "17": 0,
      "18": 0,
      "19": 0,
      "20": 0,
      "21": 0,
      "22": 0,
      "23": 0
    },
    "f": { "0": 0, "1": 0, "2": 0, "3": 0, "4": 0, "5": 0, "6": 0, "7": 0 },
    "b": {
      "0": [0],
      "1": [0],
      "2": [0],
      "3": [0],
      "4": [0],
      "5": [0],
      "6": [0],
      "7": [0],
      "8": [0],
      "9": [0, 0],
      "10": [0, 0],
      "11": [0, 0],
      "12": [0, 0],
      "13": [0, 0],
      "14": [0, 0]
    }
  },
  "D:\\reactproject\\react-gonglu-design\\src\\RankList\\demos\\index.tsx": {
    "path": "D:\\reactproject\\react-gonglu-design\\src\\RankList\\demos\\index.tsx",
    "statementMap": {
      "0": {
        "start": { "line": 6, "column": 0 },
        "end": { "line": 6, "column": 47 }
      },
      "1": {
        "start": { "line": 9, "column": 15 },
        "end": { "line": 13, "column": 5 }
      },
      "2": {
        "start": { "line": 9, "column": 58 },
        "end": { "line": 13, "column": 4 }
      },
      "3": {
        "start": { "line": 14, "column": 2 },
        "end": { "line": 14, "column": 24 }
      },
      "4": {
        "start": { "line": 15, "column": 2 },
        "end": { "line": 19, "column": 4 }
      },
      "5": {
        "start": { "line": 22, "column": 0 },
        "end": { "line": 22, "column": 28 }
      }
    },
    "fnMap": {
      "0": {
        "name": "RankListDemo",
        "decl": {
          "start": { "line": 8, "column": 9 },
          "end": { "line": 8, "column": 21 }
        },
        "loc": {
          "start": { "line": 8, "column": 21 },
          "end": { "line": 20, "column": 1 }
        }
      },
      "1": {
        "name": "(anonymous_1)",
        "decl": {
          "start": { "line": 9, "column": 45 },
          "end": { "line": 9, "column": 46 }
        },
        "loc": {
          "start": { "line": 9, "column": 58 },
          "end": { "line": 13, "column": 4 }
        }
      }
    },
    "branchMap": {},
    "s": { "0": 0, "1": 0, "2": 0, "3": 0, "4": 0, "5": 0 },
    "f": { "0": 0, "1": 0 },
    "b": {}
  },
  "D:\\reactproject\\react-gonglu-design\\src\\VideoTimeLine\\demos\\index.tsx": {
    "path": "D:\\reactproject\\react-gonglu-design\\src\\VideoTimeLine\\demos\\index.tsx",
    "statementMap": {
      "0": {
        "start": { "line": 5, "column": 0 },
        "end": { "line": 5, "column": 54 }
      },
      "1": {
        "start": { "line": 6, "column": 0 },
        "end": { "line": 6, "column": 52 }
      },
      "2": {
        "start": { "line": 7, "column": 0 },
        "end": { "line": 7, "column": 26 }
      },
      "3": {
        "start": { "line": 11, "column": 20 },
        "end": { "line": 11, "column": 57 }
      },
      "4": {
        "start": { "line": 12, "column": 18 },
        "end": { "line": 12, "column": 55 }
      },
      "5": {
        "start": { "line": 13, "column": 34 },
        "end": { "line": 13, "column": 111 }
      },
      "6": {
        "start": { "line": 14, "column": 23 },
        "end": { "line": 16, "column": 8 }
      },
      "7": {
        "start": { "line": 15, "column": 4 },
        "end": { "line": 15, "column": 21 }
      },
      "8": {
        "start": { "line": 18, "column": 2 },
        "end": { "line": 25, "column": 4 }
      },
      "9": {
        "start": { "line": 28, "column": 0 },
        "end": { "line": 28, "column": 21 }
      }
    },
    "fnMap": {
      "0": {
        "name": "Demos",
        "decl": {
          "start": { "line": 10, "column": 9 },
          "end": { "line": 10, "column": 14 }
        },
        "loc": {
          "start": { "line": 10, "column": 14 },
          "end": { "line": 26, "column": 1 }
        }
      },
      "1": {
        "name": "(anonymous_2)",
        "decl": {
          "start": { "line": 14, "column": 35 },
          "end": { "line": 14, "column": 36 }
        },
        "loc": {
          "start": { "line": 14, "column": 48 },
          "end": { "line": 16, "column": 3 }
        }
      }
    },
    "branchMap": {},
    "s": {
      "0": 0,
      "1": 0,
      "2": 0,
      "3": 0,
      "4": 0,
      "5": 0,
      "6": 0,
      "7": 0,
      "8": 0,
      "9": 0
    },
    "f": { "0": 0, "1": 0 },
    "b": {}
  },
  "D:\\reactproject\\react-gonglu-design\\src\\miniCalendar\\index.tsx": {
    "path": "D:\\reactproject\\react-gonglu-design\\src\\miniCalendar\\index.tsx",
    "statementMap": {
      "0": {
        "start": { "line": 1, "column": 0 },
        "end": { "line": 1, "column": 30 }
      },
      "1": {
        "start": { "line": 2, "column": 0 },
        "end": { "line": 2, "column": 61 }
      },
      "2": {
        "start": { "line": 3, "column": 0 },
        "end": { "line": 3, "column": 41 }
      },
      "3": {
        "start": { "line": 18, "column": 4 },
        "end": { "line": 138, "column": 1 }
      },
      "4": {
        "start": { "line": 19, "column": 43 },
        "end": { "line": 19, "column": 48 }
      },
      "5": {
        "start": { "line": 21, "column": 26 },
        "end": { "line": 21, "column": 41 }
      },
      "6": {
        "start": { "line": 23, "column": 2 },
        "end": { "line": 33, "column": 5 }
      },
      "7": {
        "start": { "line": 24, "column": 4 },
        "end": { "line": 32, "column": 6 }
      },
      "8": {
        "start": { "line": 26, "column": 8 },
        "end": { "line": 26, "column": 20 }
      },
      "9": {
        "start": { "line": 30, "column": 8 },
        "end": { "line": 30, "column": 22 }
      },
      "10": {
        "start": { "line": 36, "column": 26 },
        "end": { "line": 38, "column": 3 }
      },
      "11": {
        "start": { "line": 37, "column": 4 },
        "end": { "line": 37, "column": 66 }
      },
      "12": {
        "start": { "line": 40, "column": 26 },
        "end": { "line": 42, "column": 3 }
      },
      "13": {
        "start": { "line": 41, "column": 4 },
        "end": { "line": 41, "column": 66 }
      },
      "14": {
        "start": { "line": 44, "column": 21 },
        "end": { "line": 57, "column": 4 }
      },
      "15": {
        "start": { "line": 60, "column": 22 },
        "end": { "line": 62, "column": 3 }
      },
      "16": {
        "start": { "line": 61, "column": 4 },
        "end": { "line": 61, "column": 50 }
      },
      "17": {
        "start": { "line": 65, "column": 26 },
        "end": { "line": 67, "column": 3 }
      },
      "18": {
        "start": { "line": 66, "column": 4 },
        "end": { "line": 66, "column": 45 }
      },
      "19": {
        "start": { "line": 70, "column": 20 },
        "end": { "line": 72, "column": 3 }
      },
      "20": {
        "start": { "line": 71, "column": 4 },
        "end": { "line": 71, "column": 46 }
      },
      "21": {
        "start": { "line": 74, "column": 21 },
        "end": { "line": 115, "column": 3 }
      },
      "22": {
        "start": { "line": 75, "column": 17 },
        "end": { "line": 75, "column": 19 }
      },
      "23": {
        "start": { "line": 77, "column": 22 },
        "end": { "line": 77, "column": 70 }
      },
      "24": {
        "start": { "line": 78, "column": 21 },
        "end": { "line": 78, "column": 73 }
      },
      "25": {
        "start": { "line": 80, "column": 4 },
        "end": { "line": 86, "column": null }
      },
      "26": {
        "start": { "line": 80, "column": 17 },
        "end": { "line": 80, "column": 18 }
      },
      "27": {
        "start": { "line": 81, "column": 6 },
        "end": { "line": 85, "column": 8 }
      },
      "28": {
        "start": { "line": 88, "column": 4 },
        "end": { "line": 104, "column": null }
      },
      "29": {
        "start": { "line": 88, "column": 17 },
        "end": { "line": 88, "column": 18 }
      },
      "30": {
        "start": { "line": 89, "column": 27 },
        "end": { "line": 91, "column": null }
      },
      "31": {
        "start": { "line": 93, "column": 6 },
        "end": { "line": 103, "column": 8 }
      },
      "32": {
        "start": { "line": 106, "column": 4 },
        "end": { "line": 112, "column": null }
      },
      "33": {
        "start": { "line": 106, "column": 17 },
        "end": { "line": 106, "column": 18 }
      },
      "34": {
        "start": { "line": 107, "column": 6 },
        "end": { "line": 111, "column": 8 }
      },
      "35": {
        "start": { "line": 114, "column": 4 },
        "end": { "line": 114, "column": 29 }
      },
      "36": {
        "start": { "line": 117, "column": 2 },
        "end": { "line": 137, "column": 4 }
      },
      "37": {
        "start": { "line": 140, "column": 21 },
        "end": { "line": 140, "column": 55 }
      },
      "38": {
        "start": { "line": 142, "column": 0 },
        "end": { "line": 142, "column": 28 }
      }
    },
    "fnMap": {
      "0": {
        "name": "(anonymous_7)",
        "decl": {
          "start": { "line": 18, "column": 4 },
          "end": { "line": 18, "column": 5 }
        },
        "loc": {
          "start": { "line": 18, "column": 19 },
          "end": { "line": 138, "column": 1 }
        }
      },
      "1": {
        "name": "(anonymous_8)",
        "decl": {
          "start": { "line": 23, "column": 27 },
          "end": { "line": 23, "column": 30 }
        },
        "loc": {
          "start": { "line": 23, "column": 32 },
          "end": { "line": 33, "column": 3 }
        }
      },
      "2": {
        "name": "(anonymous_9)",
        "decl": {
          "start": { "line": 25, "column": 6 },
          "end": { "line": 25, "column": 13 }
        },
        "loc": {
          "start": { "line": 25, "column": 13 },
          "end": { "line": 27, "column": 7 }
        }
      },
      "3": {
        "name": "(anonymous_10)",
        "decl": {
          "start": { "line": 29, "column": 6 },
          "end": { "line": 29, "column": 13 }
        },
        "loc": {
          "start": { "line": 29, "column": 24 },
          "end": { "line": 31, "column": 7 }
        }
      },
      "4": {
        "name": "(anonymous_11)",
        "decl": {
          "start": { "line": 36, "column": 26 },
          "end": { "line": 36, "column": 29 }
        },
        "loc": {
          "start": { "line": 36, "column": 31 },
          "end": { "line": 38, "column": 3 }
        }
      },
      "5": {
        "name": "(anonymous_12)",
        "decl": {
          "start": { "line": 40, "column": 26 },
          "end": { "line": 40, "column": 29 }
        },
        "loc": {
          "start": { "line": 40, "column": 31 },
          "end": { "line": 42, "column": 3 }
        }
      },
      "6": {
        "name": "(anonymous_13)",
        "decl": {
          "start": { "line": 60, "column": 22 },
          "end": { "line": 60, "column": 23 }
        },
        "loc": {
          "start": { "line": 60, "column": 54 },
          "end": { "line": 62, "column": 3 }
        }
      },
      "7": {
        "name": "(anonymous_14)",
        "decl": {
          "start": { "line": 65, "column": 26 },
          "end": { "line": 65, "column": 27 }
        },
        "loc": {
          "start": { "line": 65, "column": 58 },
          "end": { "line": 67, "column": 3 }
        }
      },
      "8": {
        "name": "(anonymous_15)",
        "decl": {
          "start": { "line": 70, "column": 20 },
          "end": { "line": 70, "column": 21 }
        },
        "loc": {
          "start": { "line": 70, "column": 63 },
          "end": { "line": 72, "column": 3 }
        }
      },
      "9": {
        "name": "(anonymous_16)",
        "decl": {
          "start": { "line": 74, "column": 21 },
          "end": { "line": 74, "column": 24 }
        },
        "loc": {
          "start": { "line": 74, "column": 26 },
          "end": { "line": 115, "column": 3 }
        }
      }
    },
    "branchMap": {
      "0": {
        "loc": {
          "start": { "line": 19, "column": 10 },
          "end": { "line": 19, "column": 28 }
        },
        "type": "default-arg",
        "locations": [
          {
            "start": { "line": 19, "column": 18 },
            "end": { "line": 19, "column": 28 }
          }
        ]
      },
      "1": {
        "loc": {
          "start": { "line": 89, "column": 27 },
          "end": { "line": 91, "column": null }
        },
        "type": "cond-expr",
        "locations": [
          {
            "start": { "line": 89, "column": 35 },
            "end": { "line": 89, "column": 37 }
          },
          {
            "start": { "line": 89, "column": 27 },
            "end": { "line": 91, "column": null }
          }
        ]
      },
      "2": {
        "loc": {
          "start": { "line": 89, "column": 27 },
          "end": { "line": 89, "column": 37 }
        },
        "type": "binary-expr",
        "locations": [
          {
            "start": { "line": 89, "column": 27 },
            "end": { "line": 89, "column": 37 }
          },
          {
            "start": { "line": 89, "column": 27 },
            "end": { "line": 89, "column": 37 }
          }
        ]
      },
      "3": {
        "loc": {
          "start": { "line": 98, "column": 12 },
          "end": { "line": 98, "column": null }
        },
        "type": "cond-expr",
        "locations": [
          {
            "start": { "line": 98, "column": 35 },
            "end": { "line": 98, "column": 50 }
          },
          {
            "start": { "line": 98, "column": 53 },
            "end": { "line": 98, "column": null }
          }
        ]
      }
    },
    "s": {
      "0": 0,
      "1": 0,
      "2": 0,
      "3": 0,
      "4": 0,
      "5": 0,
      "6": 0,
      "7": 0,
      "8": 0,
      "9": 0,
      "10": 0,
      "11": 0,
      "12": 0,
      "13": 0,
      "14": 0,
      "15": 0,
      "16": 0,
      "17": 0,
      "18": 0,
      "19": 0,
      "20": 0,
      "21": 0,
      "22": 0,
      "23": 0,
      "24": 0,
      "25": 0,
      "26": 0,
      "27": 0,
      "28": 0,
      "29": 0,
      "30": 0,
      "31": 0,
      "32": 0,
      "33": 0,
      "34": 0,
      "35": 0,
      "36": 0,
      "37": 0,
      "38": 0
    },
    "f": {
      "0": 0,
      "1": 0,
      "2": 0,
      "3": 0,
      "4": 0,
      "5": 0,
      "6": 0,
      "7": 0,
      "8": 0,
      "9": 0
    },
    "b": { "0": [0], "1": [0, 0], "2": [0, 0], "3": [0, 0] }
  },
  "D:\\reactproject\\react-gonglu-design\\src\\miniCalendar\\demos\\index.tsx": {
    "path": "D:\\reactproject\\react-gonglu-design\\src\\miniCalendar\\demos\\index.tsx",
    "statementMap": {
      "0": {
        "start": { "line": 1, "column": 0 },
        "end": { "line": 1, "column": 42 }
      },
      "1": {
        "start": { "line": 2, "column": 0 },
        "end": { "line": 2, "column": 51 }
      },
      "2": {
        "start": { "line": 10, "column": 22 },
        "end": { "line": 10, "column": 47 }
      },
      "3": {
        "start": { "line": 12, "column": 2 },
        "end": { "line": 18, "column": 9 }
      },
      "4": {
        "start": { "line": 13, "column": 4 },
        "end": { "line": 13, "column": 69 }
      },
      "5": {
        "start": { "line": 15, "column": 4 },
        "end": { "line": 17, "column": 13 }
      },
      "6": {
        "start": { "line": 19, "column": 2 },
        "end": { "line": 28, "column": 4 }
      },
      "7": {
        "start": { "line": 24, "column": 10 },
        "end": { "line": 24, "column": 43 }
      },
      "8": {
        "start": { "line": 31, "column": 0 },
        "end": { "line": 31, "column": 21 }
      }
    },
    "fnMap": {
      "0": {
        "name": "Demos",
        "decl": {
          "start": { "line": 9, "column": 9 },
          "end": { "line": 9, "column": 14 }
        },
        "loc": {
          "start": { "line": 9, "column": 14 },
          "end": { "line": 29, "column": 1 }
        }
      },
      "1": {
        "name": "(anonymous_1)",
        "decl": {
          "start": { "line": 12, "column": 12 },
          "end": { "line": 12, "column": 15 }
        },
        "loc": {
          "start": { "line": 12, "column": 17 },
          "end": { "line": 18, "column": 3 }
        }
      },
      "2": {
        "name": "(anonymous_2)",
        "decl": {
          "start": { "line": 15, "column": 15 },
          "end": { "line": 15, "column": 18 }
        },
        "loc": {
          "start": { "line": 15, "column": 20 },
          "end": { "line": 17, "column": 5 }
        }
      },
      "3": {
        "name": "(anonymous_3)",
        "decl": {
          "start": { "line": 23, "column": 18 },
          "end": { "line": 23, "column": 19 }
        },
        "loc": {
          "start": { "line": 23, "column": 33 },
          "end": { "line": 25, "column": 9 }
        }
      }
    },
    "branchMap": {
      "0": {
        "loc": {
          "start": { "line": 13, "column": 16 },
          "end": { "line": 13, "column": 67 }
        },
        "type": "cond-expr",
        "locations": [
          {
            "start": { "line": 13, "column": 35 },
            "end": { "line": 13, "column": 37 }
          },
          {
            "start": { "line": 13, "column": 35 },
            "end": { "line": 13, "column": 67 }
          }
        ]
      },
      "1": {
        "loc": {
          "start": { "line": 13, "column": 16 },
          "end": { "line": 13, "column": 37 }
        },
        "type": "binary-expr",
        "locations": [
          {
            "start": { "line": 13, "column": 16 },
            "end": { "line": 13, "column": 37 }
          },
          {
            "start": { "line": 13, "column": 35 },
            "end": { "line": 13, "column": 37 }
          }
        ]
      }
    },
    "s": {
      "0": 0,
      "1": 0,
      "2": 0,
      "3": 0,
      "4": 0,
      "5": 0,
      "6": 0,
      "7": 0,
      "8": 0
    },
    "f": { "0": 0, "1": 0, "2": 0, "3": 0 },
    "b": { "0": [0, 0], "1": [0, 0] }
  },
  "D:\\reactproject\\react-gonglu-design\\src\\scrollBoard\\demos\\index.tsx": {
    "path": "D:\\reactproject\\react-gonglu-design\\src\\scrollBoard\\demos\\index.tsx",
    "statementMap": {
      "0": {
        "start": { "line": 6, "column": 0 },
        "end": { "line": 6, "column": 50 }
      },
      "1": {
        "start": { "line": 7, "column": 0 },
        "end": { "line": 7, "column": 41 }
      },
      "2": {
        "start": { "line": 9, "column": 15 },
        "end": { "line": 114, "column": 1 }
      },
      "3": {
        "start": { "line": 10, "column": 30 },
        "end": { "line": 101, "column": 4 }
      },
      "4": {
        "start": { "line": 25, "column": 31 },
        "end": { "line": 25, "column": 51 }
      },
      "5": {
        "start": { "line": 102, "column": 2 },
        "end": { "line": 113, "column": 4 }
      },
      "6": {
        "start": { "line": 108, "column": 12 },
        "end": { "line": 108, "column": 54 }
      },
      "7": {
        "start": { "line": 116, "column": 0 },
        "end": { "line": 116, "column": 22 }
      }
    },
    "fnMap": {
      "0": {
        "name": "(anonymous_1)",
        "decl": {
          "start": { "line": 9, "column": 15 },
          "end": { "line": 9, "column": 18 }
        },
        "loc": {
          "start": { "line": 9, "column": 20 },
          "end": { "line": 114, "column": 1 }
        }
      },
      "1": {
        "name": "(anonymous_2)",
        "decl": {
          "start": { "line": 25, "column": 16 },
          "end": { "line": 25, "column": 17 }
        },
        "loc": {
          "start": { "line": 25, "column": 31 },
          "end": { "line": 25, "column": 51 }
        }
      },
      "2": {
        "name": "(anonymous_3)",
        "decl": {
          "start": { "line": 107, "column": 19 },
          "end": { "line": 107, "column": 20 }
        },
        "loc": {
          "start": { "line": 107, "column": 61 },
          "end": { "line": 109, "column": 11 }
        }
      }
    },
    "branchMap": {},
    "s": { "0": 0, "1": 0, "2": 0, "3": 0, "4": 0, "5": 0, "6": 0, "7": 0 },
    "f": { "0": 0, "1": 0, "2": 0 },
    "b": {}
  },
  "D:\\reactproject\\react-gonglu-design\\src\\scrollBoard\\utils\\autoResize.ts": {
    "path": "D:\\reactproject\\react-gonglu-design\\src\\scrollBoard\\utils\\autoResize.ts",
    "statementMap": {
      "0": {
        "start": { "line": 5, "column": 0 },
        "end": { "line": 5, "column": 37 }
      },
      "1": {
        "start": { "line": 6, "column": 0 },
        "end": { "line": 6, "column": null }
      },
      "2": {
        "start": { "line": 13, "column": 0 },
        "end": { "line": 13, "column": 44 }
      },
      "3": {
        "start": { "line": 16, "column": 17 },
        "end": { "line": 16, "column": 34 }
      },
      "4": {
        "start": { "line": 17, "column": 28 },
        "end": { "line": 17, "column": 61 }
      },
      "5": {
        "start": { "line": 19, "column": 16 },
        "end": { "line": 32, "column": 8 }
      },
      "6": {
        "start": { "line": 20, "column": 42 },
        "end": { "line": 23, "column": 6 }
      },
      "7": {
        "start": { "line": 25, "column": 4 },
        "end": { "line": 25, "column": 59 }
      },
      "8": {
        "start": { "line": 27, "column": 4 },
        "end": { "line": 31, "column": null }
      },
      "9": {
        "start": { "line": 28, "column": 6 },
        "end": { "line": 28, "column": 32 }
      },
      "10": {
        "start": { "line": 29, "column": 11 },
        "end": { "line": 31, "column": null }
      },
      "11": {
        "start": { "line": 30, "column": 6 },
        "end": { "line": 30, "column": 44 }
      },
      "12": {
        "start": { "line": 34, "column": 2 },
        "end": { "line": 34, "column": 50 }
      },
      "13": {
        "start": { "line": 34, "column": 34 },
        "end": { "line": 34, "column": 43 }
      },
      "14": {
        "start": { "line": 37, "column": 2 },
        "end": { "line": 56, "column": 9 }
      },
      "15": {
        "start": { "line": 38, "column": 29 },
        "end": { "line": 38, "column": 49 }
      },
      "16": {
        "start": { "line": 40, "column": 4 },
        "end": { "line": 40, "column": 23 }
      },
      "17": {
        "start": { "line": 42, "column": 24 },
        "end": { "line": 42, "column": 75 }
      },
      "18": {
        "start": { "line": 44, "column": 4 },
        "end": { "line": 44, "column": 56 }
      },
      "19": {
        "start": { "line": 46, "column": 4 },
        "end": { "line": 55, "column": 6 }
      },
      "20": {
        "start": { "line": 47, "column": 6 },
        "end": { "line": 47, "column": 61 }
      },
      "21": {
        "start": { "line": 49, "column": 6 },
        "end": { "line": 51, "column": null }
      },
      "22": {
        "start": { "line": 50, "column": 8 },
        "end": { "line": 50, "column": 15 }
      },
      "23": {
        "start": { "line": 53, "column": 6 },
        "end": { "line": 53, "column": 31 }
      },
      "24": {
        "start": { "line": 54, "column": 6 },
        "end": { "line": 54, "column": 32 }
      },
      "25": {
        "start": { "line": 58, "column": 2 },
        "end": { "line": 58, "column": 37 }
      },
      "26": {
        "start": { "line": 15, "column": 0 },
        "end": { "line": 15, "column": 24 }
      }
    },
    "fnMap": {
      "0": {
        "name": "useAutoResize",
        "decl": {
          "start": { "line": 15, "column": 24 },
          "end": { "line": 15, "column": 37 }
        },
        "loc": {
          "start": { "line": 15, "column": 46 },
          "end": { "line": 59, "column": 1 }
        }
      },
      "1": {
        "name": "(anonymous_1)",
        "decl": {
          "start": { "line": 19, "column": 28 },
          "end": { "line": 19, "column": 31 }
        },
        "loc": {
          "start": { "line": 19, "column": 33 },
          "end": { "line": 32, "column": 3 }
        }
      },
      "2": {
        "name": "(anonymous_2)",
        "decl": {
          "start": { "line": 34, "column": 27 },
          "end": { "line": 34, "column": 30 }
        },
        "loc": {
          "start": { "line": 34, "column": 34 },
          "end": { "line": 34, "column": 43 }
        }
      },
      "3": {
        "name": "(anonymous_3)",
        "decl": {
          "start": { "line": 37, "column": 12 },
          "end": { "line": 37, "column": 15 }
        },
        "loc": {
          "start": { "line": 37, "column": 17 },
          "end": { "line": 56, "column": 3 }
        }
      },
      "4": {
        "name": "(anonymous_4)",
        "decl": {
          "start": { "line": 46, "column": 11 },
          "end": { "line": 46, "column": 14 }
        },
        "loc": {
          "start": { "line": 46, "column": 16 },
          "end": { "line": 55, "column": 5 }
        }
      }
    },
    "branchMap": {
      "0": {
        "loc": {
          "start": { "line": 20, "column": 42 },
          "end": { "line": 23, "column": 6 }
        },
        "type": "binary-expr",
        "locations": [
          {
            "start": { "line": 20, "column": 42 },
            "end": { "line": 20, "column": 56 }
          },
          {
            "start": { "line": 20, "column": 60 },
            "end": { "line": 23, "column": 6 }
          }
        ]
      },
      "1": {
        "loc": {
          "start": { "line": 27, "column": 4 },
          "end": { "line": 31, "column": null }
        },
        "type": "if",
        "locations": [
          {
            "start": { "line": 27, "column": 4 },
            "end": { "line": 31, "column": null }
          },
          {
            "start": { "line": 29, "column": 11 },
            "end": { "line": 31, "column": null }
          }
        ]
      },
      "2": {
        "loc": {
          "start": { "line": 29, "column": 11 },
          "end": { "line": 31, "column": null }
        },
        "type": "if",
        "locations": [
          {
            "start": { "line": 29, "column": 11 },
            "end": { "line": 31, "column": null }
          }
        ]
      },
      "3": {
        "loc": {
          "start": { "line": 29, "column": 15 },
          "end": { "line": 29, "column": 44 }
        },
        "type": "binary-expr",
        "locations": [
          {
            "start": { "line": 29, "column": 15 },
            "end": { "line": 29, "column": 27 }
          },
          {
            "start": { "line": 29, "column": 31 },
            "end": { "line": 29, "column": 44 }
          }
        ]
      },
      "4": {
        "loc": {
          "start": { "line": 49, "column": 6 },
          "end": { "line": 51, "column": null }
        },
        "type": "if",
        "locations": [
          {
            "start": { "line": 49, "column": 6 },
            "end": { "line": 51, "column": null }
          }
        ]
      }
    },
    "s": {
      "0": 0,
      "1": 0,
      "2": 0,
      "3": 0,
      "4": 0,
      "5": 0,
      "6": 0,
      "7": 0,
      "8": 0,
      "9": 0,
      "10": 0,
      "11": 0,
      "12": 0,
      "13": 0,
      "14": 0,
      "15": 0,
      "16": 0,
      "17": 0,
      "18": 0,
      "19": 0,
      "20": 0,
      "21": 0,
      "22": 0,
      "23": 0,
      "24": 0,
      "25": 0,
      "26": 0
    },
    "f": { "0": 0, "1": 0, "2": 0, "3": 0, "4": 0 },
    "b": { "0": [0, 0], "1": [0, 0], "2": [0], "3": [0, 0], "4": [0] }
  },
  "D:\\reactproject\\react-gonglu-design\\src\\scrollBoard\\utils\\index.ts": {
    "path": "D:\\reactproject\\react-gonglu-design\\src\\scrollBoard\\utils\\index.ts",
    "statementMap": {
      "0": {
        "start": { "line": 8, "column": 27 },
        "end": { "line": 8, "column": 50 }
      },
      "1": {
        "start": { "line": 10, "column": 19 },
        "end": { "line": 10, "column": 49 }
      },
      "2": {
        "start": { "line": 12, "column": 2 },
        "end": { "line": 16, "column": 5 }
      },
      "3": {
        "start": { "line": 18, "column": 2 },
        "end": { "line": 18, "column": 18 }
      },
      "4": {
        "start": { "line": 6, "column": 0 },
        "end": { "line": 6, "column": 16 }
      },
      "5": {
        "start": { "line": 21, "column": 18 },
        "end": { "line": 81, "column": 1 }
      },
      "6": {
        "start": { "line": 22, "column": 18 },
        "end": { "line": 22, "column": 23 }
      },
      "7": {
        "start": { "line": 25, "column": 13 },
        "end": { "line": 25, "column": 18 }
      },
      "8": {
        "start": { "line": 27, "column": 17 },
        "end": { "line": 27, "column": 21 }
      },
      "9": {
        "start": { "line": 29, "column": 2 },
        "end": { "line": 29, "column": 45 }
      },
      "10": {
        "start": { "line": 29, "column": 33 },
        "end": { "line": 29, "column": 45 }
      },
      "11": {
        "start": { "line": 31, "column": 2 },
        "end": { "line": 31, "column": 64 }
      },
      "12": {
        "start": { "line": 31, "column": 46 },
        "end": { "line": 31, "column": 64 }
      },
      "13": {
        "start": { "line": 31, "column": 60 },
        "end": { "line": 31, "column": 62 }
      },
      "14": {
        "start": { "line": 33, "column": 2 },
        "end": { "line": 35, "column": 5 }
      },
      "15": {
        "start": { "line": 34, "column": 4 },
        "end": { "line": 34, "column": 34 }
      },
      "16": {
        "start": { "line": 37, "column": 2 },
        "end": { "line": 69, "column": 4 }
      },
      "17": {
        "start": { "line": 40, "column": 6 },
        "end": { "line": 40, "column": 23 }
      },
      "18": {
        "start": { "line": 42, "column": 6 },
        "end": { "line": 46, "column": 9 }
      },
      "19": {
        "start": { "line": 43, "column": 8 },
        "end": { "line": 43, "column": 21 }
      },
      "20": {
        "start": { "line": 45, "column": 8 },
        "end": { "line": 45, "column": 19 }
      },
      "21": {
        "start": { "line": 50, "column": 6 },
        "end": { "line": 52, "column": null }
      },
      "22": {
        "start": { "line": 51, "column": 8 },
        "end": { "line": 51, "column": 20 }
      },
      "23": {
        "start": { "line": 56, "column": 21 },
        "end": { "line": 56, "column": 24 }
      },
      "24": {
        "start": { "line": 58, "column": 6 },
        "end": { "line": 67, "column": null }
      },
      "25": {
        "start": { "line": 59, "column": 8 },
        "end": { "line": 59, "column": 21 }
      },
      "26": {
        "start": { "line": 61, "column": 8 },
        "end": { "line": 66, "column": 11 }
      },
      "27": {
        "start": { "line": 62, "column": 10 },
        "end": { "line": 65, "column": null }
      },
      "28": {
        "start": { "line": 64, "column": 12 },
        "end": { "line": 64, "column": 29 }
      },
      "29": {
        "start": { "line": 72, "column": 4 },
        "end": { "line": 72, "column": 35 }
      },
      "30": {
        "start": { "line": 72, "column": 18 },
        "end": { "line": 72, "column": 35 }
      },
      "31": {
        "start": { "line": 74, "column": 4 },
        "end": { "line": 74, "column": 20 }
      },
      "32": {
        "start": { "line": 76, "column": 4 },
        "end": { "line": 79, "column": 7 }
      },
      "33": {
        "start": { "line": 78, "column": 6 },
        "end": { "line": 78, "column": 46 }
      },
      "34": {
        "start": { "line": 21, "column": 13 },
        "end": { "line": 21, "column": 18 }
      }
    },
    "fnMap": {
      "0": {
        "name": "observerDomResize",
        "decl": {
          "start": { "line": 6, "column": 16 },
          "end": { "line": 6, "column": 33 }
        },
        "loc": {
          "start": { "line": 6, "column": 57 },
          "end": { "line": 19, "column": 1 }
        }
      },
      "1": {
        "name": "(anonymous_1)",
        "decl": {
          "start": { "line": 21, "column": 18 },
          "end": { "line": 21, "column": 19 }
        },
        "loc": {
          "start": { "line": 21, "column": 31 },
          "end": { "line": 81, "column": 1 }
        }
      },
      "2": {
        "name": "(anonymous_2)",
        "decl": {
          "start": { "line": 31, "column": 53 },
          "end": { "line": 31, "column": 56 }
        },
        "loc": {
          "start": { "line": 31, "column": 60 },
          "end": { "line": 31, "column": 62 }
        }
      },
      "3": {
        "name": "(anonymous_3)",
        "decl": {
          "start": { "line": 33, "column": 25 },
          "end": { "line": 33, "column": 28 }
        },
        "loc": {
          "start": { "line": 33, "column": 30 },
          "end": { "line": 35, "column": 3 }
        }
      },
      "4": {
        "name": "(anonymous_4)",
        "decl": {
          "start": { "line": 39, "column": 4 },
          "end": { "line": 39, "column": 7 }
        },
        "loc": {
          "start": { "line": 39, "column": 7 },
          "end": { "line": 47, "column": 5 }
        }
      },
      "5": {
        "name": "(anonymous_5)",
        "decl": {
          "start": { "line": 42, "column": 29 },
          "end": { "line": 42, "column": 32 }
        },
        "loc": {
          "start": { "line": 42, "column": 34 },
          "end": { "line": 46, "column": 7 }
        }
      },
      "6": {
        "name": "(anonymous_6)",
        "decl": {
          "start": { "line": 49, "column": 4 },
          "end": { "line": 49, "column": 9 }
        },
        "loc": {
          "start": { "line": 49, "column": 9 },
          "end": { "line": 53, "column": 5 }
        }
      },
      "7": {
        "name": "(anonymous_7)",
        "decl": {
          "start": { "line": 55, "column": 4 },
          "end": { "line": 55, "column": 10 }
        },
        "loc": {
          "start": { "line": 55, "column": 10 },
          "end": { "line": 68, "column": 5 }
        }
      },
      "8": {
        "name": "(anonymous_8)",
        "decl": {
          "start": { "line": 61, "column": 34 },
          "end": { "line": 61, "column": 37 }
        },
        "loc": {
          "start": { "line": 61, "column": 39 },
          "end": { "line": 66, "column": 9 }
        }
      },
      "9": {
        "name": "next",
        "decl": {
          "start": { "line": 71, "column": 11 },
          "end": { "line": 71, "column": 15 }
        },
        "loc": {
          "start": { "line": 71, "column": 24 },
          "end": { "line": 80, "column": 3 }
        }
      },
      "10": {
        "name": "(anonymous_10)",
        "decl": {
          "start": { "line": 76, "column": 43 },
          "end": { "line": 76, "column": 46 }
        },
        "loc": {
          "start": { "line": 76, "column": 48 },
          "end": { "line": 79, "column": 5 }
        }
      }
    },
    "branchMap": {
      "0": {
        "loc": {
          "start": { "line": 29, "column": 2 },
          "end": { "line": 29, "column": 45 }
        },
        "type": "if",
        "locations": [
          {
            "start": { "line": 29, "column": 2 },
            "end": { "line": 29, "column": 45 }
          }
        ]
      },
      "1": {
        "loc": {
          "start": { "line": 31, "column": 2 },
          "end": { "line": 31, "column": 64 }
        },
        "type": "if",
        "locations": [
          {
            "start": { "line": 31, "column": 2 },
            "end": { "line": 31, "column": 64 }
          }
        ]
      },
      "2": {
        "loc": {
          "start": { "line": 31, "column": 6 },
          "end": { "line": 31, "column": 44 }
        },
        "type": "binary-expr",
        "locations": [
          {
            "start": { "line": 31, "column": 6 },
            "end": { "line": 31, "column": 10 }
          },
          {
            "start": { "line": 31, "column": 14 },
            "end": { "line": 31, "column": 44 }
          }
        ]
      },
      "3": {
        "loc": {
          "start": { "line": 34, "column": 4 },
          "end": { "line": 34, "column": 33 }
        },
        "type": "binary-expr",
        "locations": [
          {
            "start": { "line": 34, "column": 4 },
            "end": { "line": 34, "column": 13 }
          },
          {
            "start": { "line": 34, "column": 17 },
            "end": { "line": 34, "column": 33 }
          }
        ]
      },
      "4": {
        "loc": {
          "start": { "line": 50, "column": 6 },
          "end": { "line": 52, "column": null }
        },
        "type": "if",
        "locations": [
          {
            "start": { "line": 50, "column": 6 },
            "end": { "line": 52, "column": null }
          }
        ]
      },
      "5": {
        "loc": {
          "start": { "line": 58, "column": 6 },
          "end": { "line": 67, "column": null }
        },
        "type": "if",
        "locations": [
          {
            "start": { "line": 58, "column": 6 },
            "end": { "line": 67, "column": null }
          }
        ]
      },
      "6": {
        "loc": {
          "start": { "line": 58, "column": 10 },
          "end": { "line": 58, "column": 28 }
        },
        "type": "binary-expr",
        "locations": [
          {
            "start": { "line": 58, "column": 10 },
            "end": { "line": 58, "column": 20 }
          },
          {
            "start": { "line": 58, "column": 24 },
            "end": { "line": 58, "column": 28 }
          }
        ]
      },
      "7": {
        "loc": {
          "start": { "line": 62, "column": 10 },
          "end": { "line": 65, "column": null }
        },
        "type": "if",
        "locations": [
          {
            "start": { "line": 62, "column": 10 },
            "end": { "line": 65, "column": null }
          }
        ]
      },
      "8": {
        "loc": {
          "start": { "line": 62, "column": 14 },
          "end": { "line": 62, "column": 51 }
        },
        "type": "binary-expr",
        "locations": [
          {
            "start": { "line": 62, "column": 14 },
            "end": { "line": 62, "column": 24 }
          },
          {
            "start": { "line": 62, "column": 28 },
            "end": { "line": 62, "column": 33 }
          },
          {
            "start": { "line": 62, "column": 37 },
            "end": { "line": 62, "column": 51 }
          }
        ]
      },
      "9": {
        "loc": {
          "start": { "line": 72, "column": 4 },
          "end": { "line": 72, "column": 35 }
        },
        "type": "if",
        "locations": [
          {
            "start": { "line": 72, "column": 4 },
            "end": { "line": 72, "column": 35 }
          }
        ]
      },
      "10": {
        "loc": {
          "start": { "line": 78, "column": 6 },
          "end": { "line": 78, "column": 45 }
        },
        "type": "binary-expr",
        "locations": [
          {
            "start": { "line": 78, "column": 6 },
            "end": { "line": 78, "column": 16 }
          },
          {
            "start": { "line": 78, "column": 20 },
            "end": { "line": 78, "column": 25 }
          },
          {
            "start": { "line": 78, "column": 29 },
            "end": { "line": 78, "column": 45 }
          }
        ]
      }
    },
    "s": {
      "0": 0,
      "1": 0,
      "2": 0,
      "3": 0,
      "4": 0,
      "5": 0,
      "6": 0,
      "7": 0,
      "8": 0,
      "9": 0,
      "10": 0,
      "11": 0,
      "12": 0,
      "13": 0,
      "14": 0,
      "15": 0,
      "16": 0,
      "17": 0,
      "18": 0,
      "19": 0,
      "20": 0,
      "21": 0,
      "22": 0,
      "23": 0,
      "24": 0,
      "25": 0,
      "26": 0,
      "27": 0,
      "28": 0,
      "29": 0,
      "30": 0,
      "31": 0,
      "32": 0,
      "33": 0,
      "34": 0
    },
    "f": {
      "0": 0,
      "1": 0,
      "2": 0,
      "3": 0,
      "4": 0,
      "5": 0,
      "6": 0,
      "7": 0,
      "8": 0,
      "9": 0,
      "10": 0
    },
    "b": {
      "0": [0],
      "1": [0],
      "2": [0, 0],
      "3": [0, 0],
      "4": [0],
      "5": [0],
      "6": [0, 0],
      "7": [0],
      "8": [0, 0, 0],
      "9": [0],
      "10": [0, 0, 0]
    }
  }
}
