{"D:\\reactproject\\react-hansen-design\\src\\Button\\index.tsx": {"path":"D:\\reactproject\\react-hansen-design\\src\\Button\\index.tsx","statementMap":{"0":{"start":{"line":5,"column":0},"end":{"line":5,"column":36}},"1":{"start":{"line":6,"column":0},"end":{"line":6,"column":21}},"2":{"start":{"line":15,"column":38},"end":{"line":26,"column":1}},"3":{"start":{"line":16,"column":50},"end":{"line":16,"column":55}},"4":{"start":{"line":17,"column":2},"end":{"line":25,"column":4}},"5":{"start":{"line":28,"column":0},"end":{"line":28,"column":28}}},"fnMap":{"0":{"name":"(anonymous_6)","decl":{"start":{"line":15,"column":38},"end":{"line":15,"column":39}},"loc":{"start":{"line":15,"column":48},"end":{"line":26,"column":1}}}},"branchMap":{"0":{"loc":{"start":{"line":16,"column":10},"end":{"line":16,"column":26}},"type":"default-arg","locations":[{"start":{"line":16,"column":17},"end":{"line":16,"column":26}}]},"1":{"loc":{"start":{"line":20,"column":29},"end":{"line":20,"column":59}},"type":"cond-expr","locations":[{"start":{"line":20,"column":36},"end":{"line":20,"column":54}},{"start":{"line":20,"column":57},"end":{"line":20,"column":59}}]}},"s":{"0":1,"1":1,"2":1,"3":4,"4":4,"5":1},"f":{"0":4},"b":{"0":[2],"1":[4,0]}}
,"D:\\reactproject\\react-hansen-design\\src\\Button\\demos\\base.tsx": {"path":"D:\\reactproject\\react-hansen-design\\src\\Button\\demos\\base.tsx","statementMap":{"0":{"start":{"line":3,"column":0},"end":{"line":3,"column":26}},"1":{"start":{"line":4,"column":0},"end":{"line":4,"column":45}},"2":{"start":{"line":6,"column":0},"end":{"line":14,"column":null}},"3":{"start":{"line":8,"column":2},"end":{"line":13,"column":4}}},"fnMap":{"0":{"name":"(anonymous_1)","decl":{"start":{"line":6,"column":15},"end":{"line":6,"column":18}},"loc":{"start":{"line":6,"column":20},"end":{"line":14,"column":1}}}},"branchMap":{},"s":{"0":0,"1":0,"2":0,"3":0},"f":{"0":0},"b":{}}
,"D:\\reactproject\\react-hansen-design\\src\\CountdownButton\\index.tsx": {"path":"D:\\reactproject\\react-hansen-design\\src\\CountdownButton\\index.tsx","statementMap":{"0":{"start":{"line":1,"column":0},"end":{"line":1,"column":51}},"1":{"start":{"line":3,"column":0},"end":{"line":3,"column":30}},"2":{"start":{"line":5,"column":23},"end":{"line":5,"column":25}},"3":{"start":{"line":37,"column":3},"end":{"line":37,"column":null}},"4":{"start":{"line":34,"column":23},"end":{"line":34,"column":34}},"5":{"start":{"line":36,"column":4},"end":{"line":36,"column":23}},"6":{"start":{"line":38,"column":9},"end":{"line":39,"column":22}},"7":{"start":{"line":40,"column":42},"end":{"line":43,"column":4}},"8":{"start":{"line":44,"column":2},"end":{"line":59,"column":28}},"9":{"start":{"line":45,"column":36},"end":{"line":45,"column":45}},"10":{"start":{"line":46,"column":4},"end":{"line":57,"column":null}},"11":{"start":{"line":47,"column":6},"end":{"line":56,"column":15}},"12":{"start":{"line":48,"column":8},"end":{"line":55,"column":11}},"13":{"start":{"line":49,"column":36},"end":{"line":49,"column":39}},"14":{"start":{"line":50,"column":10},"end":{"line":53,"column":null}},"15":{"start":{"line":51,"column":12},"end":{"line":51,"column":40}},"16":{"start":{"line":52,"column":12},"end":{"line":52,"column":58}},"17":{"start":{"line":54,"column":10},"end":{"line":54,"column":46}},"18":{"start":{"line":58,"column":4},"end":{"line":58,"column":45}},"19":{"start":{"line":58,"column":17},"end":{"line":58,"column":44}},"20":{"start":{"line":61,"column":27},"end":{"line":66,"column":3}},"21":{"start":{"line":62,"column":4},"end":{"line":65,"column":7}},"22":{"start":{"line":69,"column":2},"end":{"line":75,"column":null}},"23":{"start":{"line":70,"column":4},"end":{"line":70,"column":28}},"24":{"start":{"line":71,"column":9},"end":{"line":75,"column":null}},"25":{"start":{"line":72,"column":4},"end":{"line":72,"column":49}},"26":{"start":{"line":74,"column":4},"end":{"line":74,"column":21}},"27":{"start":{"line":77,"column":2},"end":{"line":88,"column":4}},"28":{"start":{"line":82,"column":8},"end":{"line":82,"column":45}},"29":{"start":{"line":91,"column":0},"end":{"line":91,"column":31}}},"fnMap":{"0":{"name":"CountdownButton","decl":{"start":{"line":30,"column":9},"end":{"line":30,"column":24}},"loc":{"start":{"line":39,"column":22},"end":{"line":89,"column":1}}},"1":{"name":"(anonymous_8)","decl":{"start":{"line":34,"column":16},"end":{"line":34,"column":17}},"loc":{"start":{"line":34,"column":23},"end":{"line":34,"column":34}}},"2":{"name":"(anonymous_9)","decl":{"start":{"line":35,"column":12},"end":{"line":35,"column":13}},"loc":{"start":{"line":35,"column":33},"end":{"line":37,"column":3}}},"3":{"name":"(anonymous_10)","decl":{"start":{"line":44,"column":12},"end":{"line":44,"column":15}},"loc":{"start":{"line":44,"column":17},"end":{"line":59,"column":3}}},"4":{"name":"(anonymous_11)","decl":{"start":{"line":47,"column":33},"end":{"line":47,"column":36}},"loc":{"start":{"line":47,"column":38},"end":{"line":56,"column":7}}},"5":{"name":"(anonymous_12)","decl":{"start":{"line":48,"column":24},"end":{"line":48,"column":25}},"loc":{"start":{"line":48,"column":32},"end":{"line":55,"column":9}}},"6":{"name":"(anonymous_13)","decl":{"start":{"line":58,"column":11},"end":{"line":58,"column":14}},"loc":{"start":{"line":58,"column":17},"end":{"line":58,"column":44}}},"7":{"name":"(anonymous_14)","decl":{"start":{"line":61,"column":27},"end":{"line":61,"column":30}},"loc":{"start":{"line":61,"column":32},"end":{"line":66,"column":3}}},"8":{"name":"(anonymous_15)","decl":{"start":{"line":81,"column":15},"end":{"line":81,"column":18}},"loc":{"start":{"line":81,"column":20},"end":{"line":83,"column":7}}}},"branchMap":{"0":{"loc":{"start":{"line":31,"column":2},"end":{"line":31,"column":31}},"type":"default-arg","locations":[{"start":{"line":31,"column":17},"end":{"line":31,"column":31}}]},"1":{"loc":{"start":{"line":32,"column":2},"end":{"line":32,"column":15}},"type":"default-arg","locations":[{"start":{"line":32,"column":8},"end":{"line":32,"column":15}}]},"2":{"loc":{"start":{"line":33,"column":2},"end":{"line":33,"column":20}},"type":"default-arg","locations":[{"start":{"line":33,"column":15},"end":{"line":33,"column":20}}]},"3":{"loc":{"start":{"line":34,"column":2},"end":{"line":34,"column":34}},"type":"default-arg","locations":[{"start":{"line":34,"column":16},"end":{"line":34,"column":34}}]},"4":{"loc":{"start":{"line":35,"column":2},"end":{"line":37,"column":3}},"type":"default-arg","locations":[{"start":{"line":35,"column":12},"end":{"line":37,"column":3}}]},"5":{"loc":{"start":{"line":46,"column":4},"end":{"line":57,"column":null}},"type":"if","locations":[{"start":{"line":46,"column":4},"end":{"line":57,"column":null}}]},"6":{"loc":{"start":{"line":50,"column":10},"end":{"line":53,"column":null}},"type":"if","locations":[{"start":{"line":50,"column":10},"end":{"line":53,"column":null}}]},"7":{"loc":{"start":{"line":69,"column":2},"end":{"line":75,"column":null}},"type":"if","locations":[{"start":{"line":69,"column":2},"end":{"line":75,"column":null}},{"start":{"line":71,"column":9},"end":{"line":75,"column":null}}]},"8":{"loc":{"start":{"line":71,"column":9},"end":{"line":75,"column":null}},"type":"if","locations":[{"start":{"line":71,"column":9},"end":{"line":75,"column":null}},{"start":{"line":73,"column":9},"end":{"line":75,"column":null}}]},"9":{"loc":{"start":{"line":80,"column":34},"end":{"line":80,"column":50}},"type":"binary-expr","locations":[{"start":{"line":80,"column":34},"end":{"line":80,"column":44}},{"start":{"line":80,"column":48},"end":{"line":80,"column":50}}]},"10":{"loc":{"start":{"line":82,"column":8},"end":{"line":82,"column":44}},"type":"binary-expr","locations":[{"start":{"line":82,"column":8},"end":{"line":82,"column":15}},{"start":{"line":82,"column":19},"end":{"line":82,"column":44}}]}},"s":{"0":0,"1":0,"2":0,"3":0,"4":0,"5":0,"6":0,"7":0,"8":0,"9":0,"10":0,"11":0,"12":0,"13":0,"14":0,"15":0,"16":0,"17":0,"18":0,"19":0,"20":0,"21":0,"22":0,"23":0,"24":0,"25":0,"26":0,"27":0,"28":0,"29":0},"f":{"0":0,"1":0,"2":0,"3":0,"4":0,"5":0,"6":0,"7":0,"8":0},"b":{"0":[0],"1":[0],"2":[0],"3":[0],"4":[0],"5":[0],"6":[0],"7":[0,0],"8":[0,0],"9":[0,0],"10":[0,0]}}
,"D:\\reactproject\\react-hansen-design\\src\\CountdownButton\\demos\\index.tsx": {"path":"D:\\reactproject\\react-hansen-design\\src\\CountdownButton\\demos\\index.tsx","statementMap":{"0":{"start":{"line":5,"column":0},"end":{"line":5,"column":40}},"1":{"start":{"line":6,"column":0},"end":{"line":6,"column":54}},"2":{"start":{"line":9,"column":32},"end":{"line":9,"column":56}},"3":{"start":{"line":11,"column":18},"end":{"line":24,"column":4}},"4":{"start":{"line":11,"column":29},"end":{"line":24,"column":4}},"5":{"start":{"line":12,"column":4},"end":{"line":12,"column":21}},"6":{"start":{"line":13,"column":4},"end":{"line":23,"column":null}},"7":{"start":{"line":14,"column":6},"end":{"line":18,"column":8}},"8":{"start":{"line":15,"column":8},"end":{"line":17,"column":16}},"9":{"start":{"line":16,"column":10},"end":{"line":16,"column":23}},"10":{"start":{"line":20,"column":6},"end":{"line":20,"column":32}},"11":{"start":{"line":22,"column":6},"end":{"line":22,"column":24}},"12":{"start":{"line":26,"column":2},"end":{"line":37,"column":4}},"13":{"start":{"line":29,"column":42},"end":{"line":33,"column":null}},"14":{"start":{"line":30,"column":21},"end":{"line":30,"column":36}},"15":{"start":{"line":31,"column":8},"end":{"line":31,"column":35}},"16":{"start":{"line":32,"column":8},"end":{"line":32,"column":27}},"17":{"start":{"line":40,"column":0},"end":{"line":40,"column":35}}},"fnMap":{"0":{"name":"CountdownButtonDemo","decl":{"start":{"line":8,"column":9},"end":{"line":8,"column":28}},"loc":{"start":{"line":8,"column":28},"end":{"line":38,"column":1}}},"1":{"name":"(anonymous_14)","decl":{"start":{"line":11,"column":18},"end":{"line":11,"column":27}},"loc":{"start":{"line":11,"column":29},"end":{"line":24,"column":4}}},"2":{"name":"(anonymous_15)","decl":{"start":{"line":11,"column":29},"end":{"line":11,"column":null}},"loc":{"start":{"line":11,"column":29},"end":{"line":24,"column":3}}},"3":{"name":"(anonymous_16)","decl":{"start":{"line":14,"column":31},"end":{"line":14,"column":32}},"loc":{"start":{"line":15,"column":8},"end":{"line":17,"column":16}}},"4":{"name":"(anonymous_17)","decl":{"start":{"line":15,"column":19},"end":{"line":15,"column":22}},"loc":{"start":{"line":15,"column":24},"end":{"line":17,"column":9}}},"5":{"name":"(anonymous_18)","decl":{"start":{"line":29,"column":15},"end":{"line":29,"column":22}},"loc":{"start":{"line":29,"column":42},"end":{"line":33,"column":null}}},"6":{"name":"(anonymous_19)","decl":{"start":{"line":29,"column":42},"end":{"line":29,"column":null}},"loc":{"start":{"line":29,"column":42},"end":{"line":33,"column":7}}}},"branchMap":{},"s":{"0":0,"1":0,"2":0,"3":0,"4":0,"5":0,"6":0,"7":0,"8":0,"9":0,"10":0,"11":0,"12":0,"13":0,"14":0,"15":0,"16":0,"17":0},"f":{"0":0,"1":0,"2":0,"3":0,"4":0,"5":0,"6":0},"b":{}}
,"D:\\reactproject\\react-hansen-design\\src\\Foo\\index.tsx": {"path":"D:\\reactproject\\react-hansen-design\\src\\Foo\\index.tsx","statementMap":{"0":{"start":{"line":1,"column":0},"end":{"line":1,"column":39}},"1":{"start":{"line":3,"column":35},"end":{"line":3,"column":68}},"2":{"start":{"line":3,"column":46},"end":{"line":3,"column":68}},"3":{"start":{"line":5,"column":0},"end":{"line":5,"column":19}}},"fnMap":{"0":{"name":"(anonymous_1)","decl":{"start":{"line":3,"column":35},"end":{"line":3,"column":36}},"loc":{"start":{"line":3,"column":46},"end":{"line":3,"column":68}}}},"branchMap":{},"s":{"0":0,"1":0,"2":0,"3":0},"f":{"0":0},"b":{}}
,"D:\\reactproject\\react-hansen-design\\src\\RankList\\index.tsx": {"path":"D:\\reactproject\\react-hansen-design\\src\\RankList\\index.tsx","statementMap":{"0":{"start":{"line":5,"column":0},"end":{"line":5,"column":26}},"1":{"start":{"line":6,"column":0},"end":{"line":6,"column":22}},"2":{"start":{"line":13,"column":2},"end":{"line":41,"column":4}},"3":{"start":{"line":18,"column":34},"end":{"line":18,"column":44}},"4":{"start":{"line":20,"column":14},"end":{"line":33,"column":null}},"5":{"start":{"line":44,"column":0},"end":{"line":44,"column":24}}},"fnMap":{"0":{"name":"RankList","decl":{"start":{"line":12,"column":9},"end":{"line":12,"column":17}},"loc":{"start":{"line":12,"column":41},"end":{"line":42,"column":1}}},"1":{"name":"(anonymous_2)","decl":{"start":{"line":18,"column":20},"end":{"line":18,"column":21}},"loc":{"start":{"line":18,"column":34},"end":{"line":18,"column":44}}},"2":{"name":"(anonymous_3)","decl":{"start":{"line":19,"column":17},"end":{"line":19,"column":18}},"loc":{"start":{"line":20,"column":14},"end":{"line":33,"column":null}}}},"branchMap":{"0":{"loc":{"start":{"line":15,"column":7},"end":{"line":38,"column":null}},"type":"cond-expr","locations":[{"start":{"line":16,"column":8},"end":{"line":35,"column":null}},{"start":{"line":38,"column":8},"end":{"line":38,"column":41}}]},"1":{"loc":{"start":{"line":24,"column":37},"end":{"line":24,"column":74}},"type":"cond-expr","locations":[{"start":{"line":24,"column":53},"end":{"line":24,"column":62}},{"start":{"line":24,"column":65},"end":{"line":24,"column":74}}]},"2":{"loc":{"start":{"line":25,"column":27},"end":{"line":25,"column":73}},"type":"cond-expr","locations":[{"start":{"line":25,"column":43},"end":{"line":25,"column":49}},{"start":{"line":25,"column":52},"end":{"line":25,"column":73}}]},"3":{"loc":{"start":{"line":31,"column":31},"end":{"line":31,"column":44}},"type":"binary-expr","locations":[{"start":{"line":31,"column":31},"end":{"line":31,"column":36}},{"start":{"line":31,"column":40},"end":{"line":31,"column":44}}]},"4":{"loc":{"start":{"line":31,"column":47},"end":{"line":31,"column":60}},"type":"binary-expr","locations":[{"start":{"line":31,"column":47},"end":{"line":31,"column":52}},{"start":{"line":31,"column":56},"end":{"line":31,"column":60}}]}},"s":{"0":0,"1":0,"2":0,"3":0,"4":0,"5":0},"f":{"0":0,"1":0,"2":0},"b":{"0":[0,0],"1":[0,0],"2":[0,0],"3":[0,0],"4":[0,0]}}
,"D:\\reactproject\\react-hansen-design\\src\\RankList\\demos\\index.tsx": {"path":"D:\\reactproject\\react-hansen-design\\src\\RankList\\demos\\index.tsx","statementMap":{"0":{"start":{"line":5,"column":0},"end":{"line":5,"column":26}},"1":{"start":{"line":6,"column":0},"end":{"line":6,"column":47}},"2":{"start":{"line":9,"column":15},"end":{"line":12,"column":5}},"3":{"start":{"line":9,"column":58},"end":{"line":12,"column":4}},"4":{"start":{"line":14,"column":2},"end":{"line":18,"column":4}},"5":{"start":{"line":21,"column":0},"end":{"line":21,"column":28}}},"fnMap":{"0":{"name":"RankListDemo","decl":{"start":{"line":8,"column":9},"end":{"line":8,"column":21}},"loc":{"start":{"line":8,"column":21},"end":{"line":19,"column":1}}},"1":{"name":"(anonymous_2)","decl":{"start":{"line":9,"column":45},"end":{"line":9,"column":46}},"loc":{"start":{"line":9,"column":58},"end":{"line":12,"column":4}}}},"branchMap":{},"s":{"0":0,"1":0,"2":0,"3":0,"4":0,"5":0},"f":{"0":0,"1":0},"b":{}}
,"D:\\reactproject\\react-hansen-design\\src\\scrollBoard\\utils\\autoResize.ts": {"path":"D:\\reactproject\\react-hansen-design\\src\\scrollBoard\\utils\\autoResize.ts","statementMap":{"0":{"start":{"line":5,"column":0},"end":{"line":5,"column":86}},"1":{"start":{"line":6,"column":0},"end":{"line":6,"column":44}},"2":{"start":{"line":7,"column":0},"end":{"line":7,"column":34}},"3":{"start":{"line":10,"column":17},"end":{"line":10,"column":34}},"4":{"start":{"line":11,"column":28},"end":{"line":11,"column":61}},"5":{"start":{"line":13,"column":16},"end":{"line":23,"column":8}},"6":{"start":{"line":14,"column":42},"end":{"line":14,"column":95}},"7":{"start":{"line":16,"column":4},"end":{"line":16,"column":59}},"8":{"start":{"line":18,"column":4},"end":{"line":22,"column":null}},"9":{"start":{"line":19,"column":6},"end":{"line":19,"column":32}},"10":{"start":{"line":20,"column":11},"end":{"line":22,"column":null}},"11":{"start":{"line":21,"column":6},"end":{"line":21,"column":44}},"12":{"start":{"line":25,"column":2},"end":{"line":25,"column":50}},"13":{"start":{"line":25,"column":34},"end":{"line":25,"column":43}},"14":{"start":{"line":28,"column":2},"end":{"line":47,"column":9}},"15":{"start":{"line":29,"column":29},"end":{"line":29,"column":49}},"16":{"start":{"line":31,"column":4},"end":{"line":31,"column":23}},"17":{"start":{"line":33,"column":24},"end":{"line":33,"column":75}},"18":{"start":{"line":35,"column":4},"end":{"line":35,"column":56}},"19":{"start":{"line":37,"column":4},"end":{"line":46,"column":6}},"20":{"start":{"line":38,"column":6},"end":{"line":38,"column":61}},"21":{"start":{"line":40,"column":6},"end":{"line":42,"column":null}},"22":{"start":{"line":41,"column":8},"end":{"line":41,"column":15}},"23":{"start":{"line":44,"column":6},"end":{"line":44,"column":31}},"24":{"start":{"line":45,"column":6},"end":{"line":45,"column":32}},"25":{"start":{"line":49,"column":2},"end":{"line":49,"column":37}},"26":{"start":{"line":9,"column":0},"end":{"line":9,"column":24}}},"fnMap":{"0":{"name":"useAutoResize","decl":{"start":{"line":9,"column":24},"end":{"line":9,"column":37}},"loc":{"start":{"line":9,"column":46},"end":{"line":50,"column":1}}},"1":{"name":"(anonymous_1)","decl":{"start":{"line":13,"column":28},"end":{"line":13,"column":31}},"loc":{"start":{"line":13,"column":33},"end":{"line":23,"column":3}}},"2":{"name":"(anonymous_2)","decl":{"start":{"line":25,"column":27},"end":{"line":25,"column":30}},"loc":{"start":{"line":25,"column":34},"end":{"line":25,"column":43}}},"3":{"name":"(anonymous_3)","decl":{"start":{"line":28,"column":12},"end":{"line":28,"column":15}},"loc":{"start":{"line":28,"column":17},"end":{"line":47,"column":3}}},"4":{"name":"(anonymous_4)","decl":{"start":{"line":37,"column":11},"end":{"line":37,"column":14}},"loc":{"start":{"line":37,"column":16},"end":{"line":46,"column":5}}}},"branchMap":{"0":{"loc":{"start":{"line":14,"column":42},"end":{"line":14,"column":95}},"type":"binary-expr","locations":[{"start":{"line":14,"column":42},"end":{"line":14,"column":56}},{"start":{"line":14,"column":60},"end":{"line":14,"column":95}}]},"1":{"loc":{"start":{"line":18,"column":4},"end":{"line":22,"column":null}},"type":"if","locations":[{"start":{"line":18,"column":4},"end":{"line":22,"column":null}},{"start":{"line":20,"column":11},"end":{"line":22,"column":null}}]},"2":{"loc":{"start":{"line":20,"column":11},"end":{"line":22,"column":null}},"type":"if","locations":[{"start":{"line":20,"column":11},"end":{"line":22,"column":null}}]},"3":{"loc":{"start":{"line":20,"column":15},"end":{"line":20,"column":44}},"type":"binary-expr","locations":[{"start":{"line":20,"column":15},"end":{"line":20,"column":27}},{"start":{"line":20,"column":31},"end":{"line":20,"column":44}}]},"4":{"loc":{"start":{"line":40,"column":6},"end":{"line":42,"column":null}},"type":"if","locations":[{"start":{"line":40,"column":6},"end":{"line":42,"column":null}}]}},"s":{"0":0,"1":0,"2":0,"3":0,"4":0,"5":0,"6":0,"7":0,"8":0,"9":0,"10":0,"11":0,"12":0,"13":0,"14":0,"15":0,"16":0,"17":0,"18":0,"19":0,"20":0,"21":0,"22":0,"23":0,"24":0,"25":0,"26":0},"f":{"0":0,"1":0,"2":0,"3":0,"4":0},"b":{"0":[0,0],"1":[0,0],"2":[0],"3":[0,0],"4":[0]}}
}
