TN:
SF:src\Button\index.tsx
FN:15,(anonymous_6)
FNF:1
FNH:1
FNDA:4,(anonymous_6)
DA:5,1
DA:6,1
DA:15,1
DA:16,4
DA:17,4
DA:28,1
LF:6
LH:6
BRDA:16,0,0,2
BRDA:20,1,0,4
BRDA:20,1,1,0
BRF:3
BRH:2
end_of_record
TN:
SF:src\Button\demos\base.tsx
FN:6,(anonymous_1)
FNF:1
FNH:0
FNDA:0,(anonymous_1)
DA:3,0
DA:4,0
DA:6,0
DA:8,0
LF:4
LH:0
BRF:0
BRH:0
end_of_record
TN:
SF:src\CountdownButton\index.tsx
FN:30,CountdownButton
FN:34,(anonymous_8)
FN:35,(anonymous_9)
FN:44,(anonymous_10)
FN:47,(anonymous_11)
FN:48,(anonymous_12)
FN:58,(anonymous_13)
FN:61,(anonymous_14)
FN:81,(anonymous_15)
FNF:9
FNH:0
FNDA:0,CountdownButton
FNDA:0,(anonymous_8)
FNDA:0,(anonymous_9)
FNDA:0,(anonymous_10)
FNDA:0,(anonymous_11)
FNDA:0,(anonymous_12)
FNDA:0,(anonymous_13)
FNDA:0,(anonymous_14)
FNDA:0,(anonymous_15)
DA:1,0
DA:3,0
DA:5,0
DA:34,0
DA:36,0
DA:37,0
DA:38,0
DA:40,0
DA:44,0
DA:45,0
DA:46,0
DA:47,0
DA:48,0
DA:49,0
DA:50,0
DA:51,0
DA:52,0
DA:54,0
DA:58,0
DA:61,0
DA:62,0
DA:69,0
DA:70,0
DA:71,0
DA:72,0
DA:74,0
DA:77,0
DA:82,0
DA:91,0
LF:29
LH:0
BRDA:31,0,0,0
BRDA:32,1,0,0
BRDA:33,2,0,0
BRDA:34,3,0,0
BRDA:35,4,0,0
BRDA:46,5,0,0
BRDA:50,6,0,0
BRDA:69,7,0,0
BRDA:69,7,1,0
BRDA:71,8,0,0
BRDA:71,8,1,0
BRDA:80,9,0,0
BRDA:80,9,1,0
BRDA:82,10,0,0
BRDA:82,10,1,0
BRF:15
BRH:0
end_of_record
TN:
SF:src\CountdownButton\demos\index.tsx
FN:8,CountdownButtonDemo
FN:11,(anonymous_14)
FN:11,(anonymous_15)
FN:14,(anonymous_16)
FN:15,(anonymous_17)
FN:29,(anonymous_18)
FN:29,(anonymous_19)
FNF:7
FNH:0
FNDA:0,CountdownButtonDemo
FNDA:0,(anonymous_14)
FNDA:0,(anonymous_15)
FNDA:0,(anonymous_16)
FNDA:0,(anonymous_17)
FNDA:0,(anonymous_18)
FNDA:0,(anonymous_19)
DA:5,0
DA:6,0
DA:9,0
DA:11,0
DA:12,0
DA:13,0
DA:14,0
DA:15,0
DA:16,0
DA:20,0
DA:22,0
DA:26,0
DA:29,0
DA:30,0
DA:31,0
DA:32,0
DA:40,0
LF:17
LH:0
BRF:0
BRH:0
end_of_record
TN:
SF:src\Foo\index.tsx
FN:3,(anonymous_1)
FNF:1
FNH:0
FNDA:0,(anonymous_1)
DA:1,0
DA:3,0
DA:5,0
LF:3
LH:0
BRF:0
BRH:0
end_of_record
TN:
SF:src\RankList\index.tsx
FN:12,RankList
FN:18,(anonymous_2)
FN:19,(anonymous_3)
FNF:3
FNH:0
FNDA:0,RankList
FNDA:0,(anonymous_2)
FNDA:0,(anonymous_3)
DA:5,0
DA:6,0
DA:13,0
DA:18,0
DA:20,0
DA:44,0
LF:6
LH:0
BRDA:15,0,0,0
BRDA:15,0,1,0
BRDA:24,1,0,0
BRDA:24,1,1,0
BRDA:25,2,0,0
BRDA:25,2,1,0
BRDA:31,3,0,0
BRDA:31,3,1,0
BRDA:31,4,0,0
BRDA:31,4,1,0
BRF:10
BRH:0
end_of_record
TN:
SF:src\RankList\demos\index.tsx
FN:8,RankListDemo
FN:9,(anonymous_2)
FNF:2
FNH:0
FNDA:0,RankListDemo
FNDA:0,(anonymous_2)
DA:5,0
DA:6,0
DA:9,0
DA:14,0
DA:21,0
LF:5
LH:0
BRF:0
BRH:0
end_of_record
TN:
SF:src\scrollBoard\utils\autoResize.ts
FN:9,useAutoResize
FN:13,(anonymous_1)
FN:25,(anonymous_2)
FN:28,(anonymous_3)
FN:37,(anonymous_4)
FNF:5
FNH:0
FNDA:0,useAutoResize
FNDA:0,(anonymous_1)
FNDA:0,(anonymous_2)
FNDA:0,(anonymous_3)
FNDA:0,(anonymous_4)
DA:5,0
DA:6,0
DA:7,0
DA:9,0
DA:10,0
DA:11,0
DA:13,0
DA:14,0
DA:16,0
DA:18,0
DA:19,0
DA:20,0
DA:21,0
DA:25,0
DA:28,0
DA:29,0
DA:31,0
DA:33,0
DA:35,0
DA:37,0
DA:38,0
DA:40,0
DA:41,0
DA:44,0
DA:45,0
DA:49,0
LF:26
LH:0
BRDA:14,0,0,0
BRDA:14,0,1,0
BRDA:18,1,0,0
BRDA:18,1,1,0
BRDA:20,2,0,0
BRDA:20,3,0,0
BRDA:20,3,1,0
BRDA:40,4,0,0
BRF:8
BRH:0
end_of_record
